C51 COMPILER V9.56.0.0   CHUANKOU2                                                         05/30/2024 23:48:08 PAGE 1   


C51 COMPILER V9.56.0.0, COMPILATION OF MODULE CHUANKOU2
OBJECT MODULE PLACED IN .\Objects\chuanKou2.obj
COMPILER INVOKED BY: C:\Keil_c51v956\C51\BIN\C51.EXE chuanKou2.c OPTIMIZE(8,SPEED) BROWSE DEBUG OBJECTEXTEND PRINT(.\Lis
                    -tings\chuanKou2.lst) OBJECT(.\Objects\chuanKou2.obj)

line level    source

   1          #include <STC15F2K60S2.H>
   2          #include <stdio.h>
   3          unsigned char command=0x00;//收到的上位机的命令
   4          
   5          void HCSelect(unsigned char channel);
   6          void InitSys();
   7          void InitUart();
   8          void sendByte(unsigned char dat);//串口发送字符函数
   9          void sendString(unsigned char *str);//串口发送字符串
  10          void Working();
  11          void main()
  12          {
  13   1              InitSys();
  14   1              InitUart();
  15   1              sendString("Welcome to XMF system!\r\n");//“\r”表示回车，会清除之前的内容，“\n”表示换行
  16   1              HCSelect(4);
  17   1              while(1)
  18   1              {
  19   2                      Working();
  20   2              }
  21   1      }
  22          
  23          void HCSelect(unsigned char channel)
  24          {
  25   1              switch(channel)
  26   1              {
  27   2                      case 4:
  28   2                              P2=(P2&&0x1f)| 0x80;
  29   2                              break;
  30   2                      case 5:
  31   2                              P2=(P2&&0x1f)| 0xa0;
  32   2                              break;
  33   2                      case 6:
  34   2                              P2=(P2&&0x1f)| 0xc0;
  35   2                              break;
  36   2                      case 7:
  37   2                              P2=(P2&&0x1f)| 0xe0;
  38   2                              break;
  39   2              }
  40   1      }
  41          
  42          void InitSys()
  43          {
  44   1              HCSelect(5);
  45   1              P0=0x00;
  46   1              HCSelect(4);
  47   1              P0=0xff;
  48   1      }
  49          void InitUart()
  50          {
  51   1              TMOD=0x20;//定时器1，8位重载载
  52   1              TH1=0xfd;//波特率为9600
  53   1              TL1=0xfd;
  54   1              TR1=1;//打开定时器1，波特率开始产生
C51 COMPILER V9.56.0.0   CHUANKOU2                                                         05/30/2024 23:48:08 PAGE 2   

  55   1              
  56   1              SCON=0x50;//模式1（8位的ur模式），允许接收
  57   1              AUXR=0x00;
  58   1              
  59   1              ES=1;
  60   1              EA=1;
  61   1      }
  62          void ServiceUart() interrupt 4
  63          {
  64   1              if(RI==1)//单片机接收到完整数据，进入中断。发送完成的处理用查询来做
  65   1              {
  66   2                      command=SBUF;
  67   2                      RI=0;
  68   2              }
  69   1      }
  70          void sendByte(unsigned char dat)
  71          {
  72   1              SBUF=dat;
  73   1              while(TI==0);//如果发送完毕，则TI==1，否则一直循环
  74   1              TI=0;//将TI置0
  75   1      }
  76          void sendString(unsigned char *str)
  77          {
  78   1              while(*str != '\0')
  79   1              {
  80   2                      sendByte(*str++);
  81   2              }
  82   1      }
  83          void Working()
  84          {
  85   1              if(command != 0x00)
  86   1              {
  87   2                      switch(command & 0xf0)//高四位表示命令类型
  88   2                      {
  89   3                              case 0xa0:
  90   3                                      P0=(P0 | 0x0f)&((~command)| 0xf0);//使得P0的高四位不变，低四位为command低四位取反的值
  91   3                                      command=0x00;
  92   3                                      break;
  93   3                              case 0xb0:
  94   3                                      P0=(P0 | 0xf0)&(((~command)<<4)| 0x0f);//使得P0的低四位不变，高四位为command低四位取反的值
  95   3                                      command=0x00;
  96   3                                      break;
  97   3                              case 0xc0:
  98   3                                      sendString("This System is running!\r\n");
  99   3                                      command=0x00;
 100   3                                      break;
 101   3                      }
 102   2              }
 103   1      }


MODULE INFORMATION:   STATIC OVERLAYABLE
   CODE SIZE        =    258    ----
   CONSTANT SIZE    =     51    ----
   XDATA SIZE       =   ----    ----
   PDATA SIZE       =   ----    ----
   DATA SIZE        =      1       3
   IDATA SIZE       =   ----    ----
   BIT SIZE         =   ----    ----
END OF MODULE INFORMATION.


C51 COMPILATION COMPLETE.  0 WARNING(S),  0 ERROR(S)
