C51 COMPILER V9.56.0.0   IIC                                                               04/12/2024 18:37:25 PAGE 1   


C51 COMPILER V9.56.0.0, COMPILATION OF MODULE IIC
OBJECT MODULE PLACED IN .\Objects\iic.obj
COMPILER INVOKED BY: C:\Keil_c51v956\C51\BIN\C51.EXE iic.c OPTIMIZE(8,SPEED) BROWSE DEBUG OBJECTEXTEND PRINT(.\Listings\
                    -iic.lst) OBJECT(.\Objects\iic.obj)

line level    source

   1          /*      #   I2C代码片段说明
   2                  1.      本文件夹中提供的驱动代码供参赛选手完成程序设计参考。
   3                  2.      参赛选手可以自行编写相关代码或以该代码为基础，根据所选单片机类型、
             -行速度和试题
   4                          中对单片机时钟频率的要求，进行代码调试和修改。
   5          */
   6          #include <iic.h>
   7          #include <STC15F2K60S2.H>
   8          #include <intrins.h>
   9          #define DELAY_TIME      10
  10          sbit sda=P2^1;
  11          sbit scl=P2^0;
  12          //
  13          static void I2C_Delay(unsigned char n)
  14          {
  15   1          do
  16   1          {
  17   2              _nop_();_nop_();_nop_();_nop_();_nop_();
  18   2              _nop_();_nop_();_nop_();_nop_();_nop_();
  19   2              _nop_();_nop_();_nop_();_nop_();_nop_();                
  20   2          }
  21   1          while(n--);         
  22   1      }
  23          
  24          //
  25          void I2CStart(void)
  26          {
  27   1          sda = 1;
  28   1          scl = 1;
  29   1              I2C_Delay(DELAY_TIME);
  30   1          sda = 0;
  31   1              I2C_Delay(DELAY_TIME);
  32   1          scl = 0;    
  33   1      }
  34          
  35          //
  36          void I2CStop(void)
  37          {
  38   1          sda = 0;
  39   1          scl = 1;
  40   1              I2C_Delay(DELAY_TIME);
  41   1          sda = 1;
  42   1              I2C_Delay(DELAY_TIME);
  43   1      }
  44          
  45          //
  46          void I2CSendByte(unsigned char byt)
  47          {
  48   1          unsigned char i;
  49   1              
  50   1          for(i=0; i<8; i++){
  51   2              scl = 0;
  52   2                      I2C_Delay(DELAY_TIME);
  53   2              if(byt & 0x80){
C51 COMPILER V9.56.0.0   IIC                                                               04/12/2024 18:37:25 PAGE 2   

  54   3                  sda = 1;
  55   3              }
  56   2              else{
  57   3                  sda = 0;
  58   3              }
  59   2                      I2C_Delay(DELAY_TIME);
  60   2              scl = 1;
  61   2              byt <<= 1;
  62   2                      I2C_Delay(DELAY_TIME);
  63   2          }
  64   1              
  65   1          scl = 0;  
  66   1      }
  67          
  68          //
  69          unsigned char I2CReceiveByte(void)
  70          {
  71   1              unsigned char da;
  72   1              unsigned char i;
  73   1              for(i=0;i<8;i++){   
  74   2                      scl = 1;
  75   2                      I2C_Delay(DELAY_TIME);
  76   2                      da <<= 1;
  77   2                      if(sda) 
  78   2                              da |= 0x01;
  79   2                      scl = 0;
  80   2                      I2C_Delay(DELAY_TIME);
  81   2              }
  82   1              return da;    
  83   1      }
  84          
  85          //
  86          unsigned char I2CWaitAck(void)
  87          {
  88   1              unsigned char ackbit;
  89   1              
  90   1          scl = 1;
  91   1              I2C_Delay(DELAY_TIME);
  92   1          ackbit = sda; 
  93   1          scl = 0;
  94   1              I2C_Delay(DELAY_TIME);
  95   1              
  96   1              return ackbit;
  97   1      }
  98          
  99          //
 100          void I2CSendAck(unsigned char ackbit)
 101          {
 102   1          scl = 0;
 103   1          sda = ackbit; 
 104   1              I2C_Delay(DELAY_TIME);
 105   1          scl = 1;
 106   1              I2C_Delay(DELAY_TIME);
 107   1          scl = 0; 
 108   1              sda = 1;
 109   1              I2C_Delay(DELAY_TIME);
 110   1      }
 111          
 112          void write_AT24(unsigned char addr,unsigned char dat)
 113          {
 114   1              I2CStart();
 115   1              I2CSendByte(0xa0);
C51 COMPILER V9.56.0.0   IIC                                                               04/12/2024 18:37:25 PAGE 3   

 116   1              I2CWaitAck();
 117   1              I2CSendByte(addr);
 118   1              I2CWaitAck();
 119   1              I2CSendByte(dat);
 120   1              I2CWaitAck();
 121   1              I2CStop();
 122   1      }
 123          
 124          unsigned char read_AT24(unsigned char addr)
 125          {
 126   1              unsigned char temp;
 127   1              I2CStart();
 128   1              I2CSendByte(0xa0);
 129   1              I2CWaitAck();
 130   1              I2CSendByte(addr);
 131   1              I2CWaitAck();
 132   1              
 133   1              I2CStart();
 134   1              I2CSendByte(0xa1);
 135   1              I2CWaitAck();
 136   1              temp=I2CReceiveByte();
 137   1              I2CSendAck(1);
 138   1              I2CStop();
 139   1              return temp;
 140   1      }
 141          
 142          void write_PCF(unsigned char dat)
 143          {
 144   1              I2CStart();
 145   1              I2CSendByte(0x90);
 146   1              I2CWaitAck();
 147   1              I2CSendByte(0x40);
 148   1              I2CWaitAck();
 149   1              I2CSendByte(dat);
 150   1              I2CWaitAck();
 151   1              I2CStop();
 152   1      }
 153          
 154          unsigned char read_PCF(unsigned char ctrl_byte)
 155          {
 156   1      unsigned char temp;
 157   1              I2CStart();
 158   1              I2CSendByte(0x90);
 159   1              I2CWaitAck();
 160   1              I2CSendByte(ctrl_byte);
 161   1              I2CWaitAck();
 162   1              
 163   1              I2CStart();
 164   1              I2CSendByte(0x91);
 165   1              I2CWaitAck();
 166   1              temp=I2CReceiveByte();
 167   1              I2CSendAck(1);
 168   1              I2CStop();
 169   1              return temp;
 170   1      }


MODULE INFORMATION:   STATIC OVERLAYABLE
   CODE SIZE        =    281    ----
   CONSTANT SIZE    =   ----    ----
   XDATA SIZE       =   ----    ----
   PDATA SIZE       =   ----    ----
C51 COMPILER V9.56.0.0   IIC                                                               04/12/2024 18:37:25 PAGE 4   

   DATA SIZE        =   ----    ----
   IDATA SIZE       =   ----    ----
   BIT SIZE         =   ----    ----
END OF MODULE INFORMATION.


C51 COMPILATION COMPLETE.  0 WARNING(S),  0 ERROR(S)
