C51 COMPILER V9.56.0.0   CHUANKOU1                                                         05/18/2024 20:05:27 PAGE 1   


C51 COMPILER V9.56.0.0, COMPILATION OF MODULE CHUANKOU1
OBJECT MODULE PLACED IN .\Objects\chuanKou1.obj
COMPILER INVOKED BY: C:\Keil_c51v956\C51\BIN\C51.EXE chuanKou1.c OPTIMIZE(8,SPEED) BROWSE DEBUG OBJECTEXTEND PRINT(.\Lis
                    -tings\chuanKou1.lst) OBJECT(.\Objects\chuanKou1.obj)

line level    source

   1          #include <STC15F2K60S2.H>
   2          #include <intrins.h>
   3          
   4          unsigned char urdat;//用来接收数据
   5          void InitUart();
   6          void sendByte(unsigned char dat);
   7          void main()
   8          {
   9   1              InitUart();
  10   1              sendByte(0x5a);
  11   1              sendByte(0xaa);
  12   1              while(1);
  13   1      
  14   1      }
  15          
  16          void InitUart()
  17          {
  18   1              TMOD=0x20;//定时器1，八位自动重装载
  19   1              TH1=0xfd;
  20   1              TL1=0xfd;
  21   1              TR1=1;
  22   1              
  23   1              SCON=0x50;//8位ur模式，允许接收
  24   1              AUXR=0x00;
  25   1              
  26   1              ES=1;
  27   1              EA=1;
  28   1              
  29   1              
  30   1              
  31   1      }
  32          void serviceUart() interrupt 4
  33          {
  34   1              if(RI==1)//是否接收到完整数据
  35   1              {
  36   2                      RI=0;//将RI置0
  37   2                      urdat=SBUF;//将传到寄存器SBUF中的内容读出
  38   2                      
  39   2                      sendByte(urdat+1);//实现发送更新
  40   2              }
  41   1      }
  42          void sendByte(unsigned char dat)
  43          {
  44   1              SBUF=dat;//将dat放入SBUF
  45   1              while(TI==0);//没发送完成时TI=0,发送完毕后TI=1
  46   1              TI=0;//将TI置为0；
  47   1      }


MODULE INFORMATION:   STATIC OVERLAYABLE
   CODE SIZE        =    116    ----
   CONSTANT SIZE    =   ----    ----
   XDATA SIZE       =   ----    ----
   PDATA SIZE       =   ----    ----
C51 COMPILER V9.56.0.0   CHUANKOU1                                                         05/18/2024 20:05:27 PAGE 2   

   DATA SIZE        =      1    ----
   IDATA SIZE       =   ----    ----
   BIT SIZE         =   ----    ----
END OF MODULE INFORMATION.


C51 COMPILATION COMPLETE.  0 WARNING(S),  0 ERROR(S)
