C51 COMPILER V9.56.0.0   IIC                                                               03/30/2024 17:34:59 PAGE 1   


C51 COMPILER V9.56.0.0, COMPILATION OF MODULE IIC
OBJECT MODULE PLACED IN .\Objects\iic.obj
COMPILER INVOKED BY: C:\Keil_c51v956\C51\BIN\C51.EXE iic.c OPTIMIZE(8,SPEED) BROWSE DEBUG OBJECTEXTEND PRINT(.\Listings\
                    -iic.lst) OBJECT(.\Objects\iic.obj)

line level    source

   1          /*      #   I2C代码片段说明
   2                  1.      本文件夹中提供的驱动代码供参赛选手完成程序设计参考。
   3                  2.      参赛选手可以自行编写相关代码或以该代码为基础，根据所选单片机类型、
             -行速度和试题
   4                          中对单片机时钟频率的要求，进行代码调试和修改。
   5          */
   6          #include "iic.h"
   7          #include <STC15F2K60S2.H>
   8          #define DELAY_TIME      5
   9          
  10          //
  11          static void I2C_Delay(unsigned char n)
  12          {
  13   1          do
  14   1          {
  15   2              _nop_();_nop_();_nop_();_nop_();_nop_();
  16   2              _nop_();_nop_();_nop_();_nop_();_nop_();
  17   2              _nop_();_nop_();_nop_();_nop_();_nop_();                
  18   2          }
  19   1          while(n--);         
  20   1      }
  21          
  22          //
  23          void I2CStart(void)
  24          {
  25   1          sda = 1;
  26   1          scl = 1;
  27   1              I2C_Delay(DELAY_TIME);
  28   1          sda = 0;
  29   1              I2C_Delay(DELAY_TIME);
  30   1          scl = 0;    
  31   1      }
  32          
  33          //
  34          void I2CStop(void)
  35          {
  36   1          sda = 0;
  37   1          scl = 1;
  38   1              I2C_Delay(DELAY_TIME);
  39   1          sda = 1;
  40   1              I2C_Delay(DELAY_TIME);
  41   1      }
  42          
  43          //
  44          void I2CSendByte(unsigned char byt)
  45          {
  46   1          unsigned char i;
  47   1              
  48   1          for(i=0; i<8; i++){
  49   2              scl = 0;
  50   2                      I2C_Delay(DELAY_TIME);
  51   2              if(byt & 0x80){
  52   3                  sda = 1;
  53   3              }
C51 COMPILER V9.56.0.0   IIC                                                               03/30/2024 17:34:59 PAGE 2   

  54   2              else{
  55   3                  sda = 0;
  56   3              }
  57   2                      I2C_Delay(DELAY_TIME);
  58   2              scl = 1;
  59   2              byt <<= 1;
  60   2                      I2C_Delay(DELAY_TIME);
  61   2          }
  62   1              
  63   1          scl = 0;  
  64   1      }
  65          
  66          //
  67          unsigned char I2CReceiveByte(void)
  68          {
  69   1              unsigned char da;
  70   1              unsigned char i;
  71   1              for(i=0;i<8;i++){   
  72   2                      scl = 1;
  73   2                      I2C_Delay(DELAY_TIME);
  74   2                      da <<= 1;
  75   2                      if(sda) 
  76   2                              da |= 0x01;
  77   2                      scl = 0;
  78   2                      I2C_Delay(DELAY_TIME);
  79   2              }
  80   1              return da;    
  81   1      }
  82          
  83          //
  84          unsigned char I2CWaitAck(void)
  85          {
  86   1              unsigned char ackbit;
  87   1              
  88   1          scl = 1;
  89   1              I2C_Delay(DELAY_TIME);
  90   1          ackbit = sda; 
  91   1          scl = 0;
  92   1              I2C_Delay(DELAY_TIME);
  93   1              
  94   1              return ackbit;
  95   1      }
  96          
  97          //
  98          void I2CSendAck(unsigned char ackbit)
  99          {
 100   1          scl = 0;
 101   1          sda = ackbit; 
 102   1              I2C_Delay(DELAY_TIME);
 103   1          scl = 1;
 104   1              I2C_Delay(DELAY_TIME);
 105   1          scl = 0; 
 106   1              sda = 1;
 107   1              I2C_Delay(DELAY_TIME);
 108   1      }
 109          
 110          //写入AT24C02,addr表示要写入的内存地址，dat表示要写入的数据
 111          void write_AT(unsigned char addr,unsigned char dat)
 112          {
 113   1              I2CStart();
 114   1              I2CSendByte(0xa0);
 115   1              I2CWaitAck();
C51 COMPILER V9.56.0.0   IIC                                                               03/30/2024 17:34:59 PAGE 3   

 116   1              I2CSendByte(addr);
 117   1              I2CWaitAck();
 118   1              I2CSendByte(dat);
 119   1              I2CWaitAck();
 120   1              I2CStop();
 121   1      }
 122          //读AT24C02
 123          unsigned char read_AT(unsigned char addr)
 124          {
 125   1              unsigned char temp;
 126   1              I2CStart();
 127   1              I2CSendByte(0xa0);
 128   1              I2CWaitAck();
 129   1              I2CSendByte(addr);
 130   1              I2CWaitAck();
 131   1              
 132   1              I2CStart();
 133   1              I2CSendByte(0xa1);
 134   1              I2CWaitAck();
 135   1              temp=I2CReceiveByte();
 136   1              I2CSendAck(1);
 137   1              I2CStop();
 138   1              return temp;
 139   1      }
 140          
 141          
 142          //写PCF
 143          void write_PCF(unsigned char dat)
 144          {
 145   1              I2CStart();
 146   1              I2CSendByte(0x90);
 147   1              I2CWaitAck();
 148   1              I2CSendByte(0x40);//控制字
 149   1              I2CWaitAck();
 150   1              I2CSendByte(dat);//要写的数据
 151   1              I2CWaitAck();
 152   1              I2CStop();
 153   1      }
 154          
 155          unsigned char Read_PCF(unsigned char ctrl_byte)
 156          {
 157   1              unsigned char temp;
 158   1              I2CStart();
 159   1              I2CSendByte(0x90);
 160   1              I2CWaitAck();
 161   1              I2CSendByte(ctrl_byte);//控制字
 162   1              I2CWaitAck();
 163   1              
 164   1              I2CStart();
 165   1              I2CSendByte(0x91);
 166   1              I2CWaitAck();
 167   1              temp=I2CReceiveByte();
 168   1              I2CSendAck(1);
 169   1              I2CStop();
 170   1              return temp;
 171   1      }
 172          
 173          
 174          
 175          
 176          
 177          
C51 COMPILER V9.56.0.0   IIC                                                               03/30/2024 17:34:59 PAGE 4   



MODULE INFORMATION:   STATIC OVERLAYABLE
   CODE SIZE        =    281    ----
   CONSTANT SIZE    =   ----    ----
   XDATA SIZE       =   ----    ----
   PDATA SIZE       =   ----    ----
   DATA SIZE        =   ----    ----
   IDATA SIZE       =   ----    ----
   BIT SIZE         =   ----    ----
END OF MODULE INFORMATION.


C51 COMPILATION COMPLETE.  0 WARNING(S),  0 ERROR(S)
