C51 COMPILER V9.56.0.0   MAIN                                                              05/28/2024 22:52:18 PAGE 1   


C51 COMPILER V9.56.0.0, COMPILATION OF MODULE MAIN
OBJECT MODULE PLACED IN .\Objects\main.obj
COMPILER INVOKED BY: C:\Keil_c51v956\C51\BIN\C51.EXE main.c OPTIMIZE(8,SPEED) BROWSE DEBUG OBJECTEXTEND PRINT(.\Listings
                    -\main.lst) OBJECT(.\Objects\main.obj)

line level    source

   1          #include <STC15F2K60S2.H>
   2          #include <iic.h>
   3          #include <ds1302.h>
   4          #include <onewire.h>
   5          #include <intrins.h>
   6          sbit C1=P4^4;
   7          sbit C2=P4^2;
   8          sbit R1=P3^3;
   9          sbit R2=P3^2;
  10          unsigned char code SMG_number[]=
  11                  {0xc0,0xf9,0xa4,0xb0,0x99,0x92,0x82,0xf8,0x80,0x90,0x88,0x80,0xc6,
  12                  0xc0,0x86,0x8e,0xbf,0x7f};//数码管段码，0-f和-.
  13          unsigned char code SMG_Dotnumber[]={0x40,0x79,0x24,0x30,0x19,0x12,0x02,0x78,0x00,0x10}; 
  14          
  15          unsigned char big_mode=1;//1-显示，2-参数
  16          unsigned char xianshi_mode=1;//1-时间，2-温度，3-亮暗
  17          unsigned char canshu_mode=1;//1-时间参数，2-温度参数,3-指示灯参数
  18          unsigned char time_canshu=17;
  19          unsigned char real_time_canshu=17;
  20          unsigned char temper_canshu=25;
  21          unsigned char real_temper_canshu=25;
  22          unsigned char led_canshu=4;
  23          unsigned char real_led_canshu=4;
  24          unsigned char second;
  25          unsigned char minute;
  26          unsigned char hour;
  27          unsigned int temper;
  28          unsigned int v;
  29          unsigned char v_temp;
  30          unsigned char is_liang=0;//0-亮，1-暗
  31          unsigned char count_an=0;
  32          unsigned char count_liang=0;
  33          unsigned char is_3s=1;
  34          unsigned char is_L3=1;
  35          
  36          void HC(unsigned char channel);
  37          void InitSys();
  38          void delay(unsigned int t);
  39          void displaySMG(unsigned char pos,unsigned char value);
  40          void showSMG();
  41          void offSMG();
  42          void scanKey();
  43          void getTime();//读取时间和温度,以及光敏电阻的值
  44          void run();
  45          void showLED();
  46          void InitTimer();
  47          void main()
  48          {
  49   1              InitSys();
  50   1              InitTimer();
  51   1              write_time();
  52   1              while(1)
  53   1              {
  54   2                      run();
C51 COMPILER V9.56.0.0   MAIN                                                              05/28/2024 22:52:18 PAGE 2   

  55   2                      scanKey();
  56   2              }
  57   1      }
  58          void run()
  59          {
  60   1              getTime();
  61   1              showSMG();
  62   1              showLED();
  63   1      }
  64          void InitTimer()
  65          {
  66   1              TMOD=0x10;
  67   1              TL1=(65535-50000+1)%256;
  68   1              TH1=(65535-50000+1)/256;
  69   1              TR1=1;
  70   1              ET1=1;
  71   1              EA=1;
  72   1      }
  73          void serviceT1() interrupt 3
  74          {
  75   1              TL1=(65535-50000+1)%256;
  76   1              TH1=(65535-50000+1)/256;
  77   1              if((is_liang==1)&&(is_3s==0))
  78   1              {
  79   2                      count_an++;
  80   2                      if(count_an==60)
  81   2                      {
  82   3                              is_3s=1;
  83   3                              count_an=0;
  84   3                      }
  85   2              }
  86   1              if((is_liang==0)&&(is_3s==1))
  87   1              {
  88   2                      count_liang++;
  89   2                      if(count_liang==60)
  90   2                      {
  91   3                              is_3s=0;
  92   3                              count_liang=0;
  93   3                      }
  94   2              }
  95   1      }
  96          void HC(unsigned char channel)
  97          {
  98   1              switch(channel)
  99   1              {
 100   2                      case 4:
 101   2                              P2=(P2&0x1f)|0x80;
 102   2                              break;
 103   2                      case 5:
 104   2                              P2=(P2&0x1f)|0xa0;
 105   2                              break;
 106   2                      case 6:
 107   2                              P2=(P2&0x1f)|0xc0;
 108   2                              break;
 109   2                      case 7:
 110   2                              P2=(P2&0x1f)|0xe0;
 111   2                              break;
 112   2              }
 113   1      }
 114          void getTime()
 115          {
 116   1              read_time();
C51 COMPILER V9.56.0.0   MAIN                                                              05/28/2024 22:52:18 PAGE 3   

 117   1              second=(TIMER[0]/16)*10+TIMER[0]%16;
 118   1              minute=(TIMER[1]/16)*10+TIMER[1]%16;
 119   1              hour=(TIMER[2]/16)*10+TIMER[2]%16;
 120   1              
 121   1              temper=read_temp();
 122   1              v_temp=read_PCF(0x01);
 123   1              v=(v_temp*100)/51;
 124   1              if(v_temp<51)
 125   1              {
 126   2                      is_liang=1;
 127   2              }
 128   1              else
 129   1              {
 130   2                      is_liang=0;
 131   2              }
 132   1      }
 133          void InitSys()
 134          {
 135   1              HC(5);
 136   1              P0=0x00;
 137   1              HC(4);
 138   1              P0=0xff;
 139   1      }
 140          void delay(unsigned int t)
 141          {
 142   1              while(t--);
 143   1      }
 144          void offSMG()
 145          {
 146   1              HC(6);
 147   1              P0=0x00;
 148   1              HC(7);
 149   1              P0=0xff;
 150   1      }
 151          void displaySMG(unsigned char pos,unsigned char value)
 152          {
 153   1              HC(6);
 154   1              P0=0x01<<pos;
 155   1              HC(7);
 156   1              P0=value;
 157   1              delay(100);
 158   1              offSMG();
 159   1      }
 160          void showSMG()
 161          {
 162   1              if(big_mode==1)
 163   1              {
 164   2                      if(xianshi_mode==1)
 165   2                      {
 166   3                              displaySMG(0,SMG_number[hour/10]);
 167   3                              displaySMG(1,SMG_number[hour%10]);
 168   3                              displaySMG(2,SMG_number[16]);
 169   3                              displaySMG(3,SMG_number[minute/10]);
 170   3                              displaySMG(4,SMG_number[minute%10]);
 171   3                              displaySMG(5,SMG_number[16]);
 172   3                              displaySMG(6,SMG_number[second/10]);
 173   3                              displaySMG(7,SMG_number[second%10]);
 174   3                      }
 175   2                      else if(xianshi_mode==2)
 176   2                      {
 177   3                              displaySMG(0,SMG_number[12]);
 178   3                              displaySMG(5,SMG_number[temper/100]);
C51 COMPILER V9.56.0.0   MAIN                                                              05/28/2024 22:52:18 PAGE 4   

 179   3                              displaySMG(6,SMG_Dotnumber[(temper%100)/10]);
 180   3                              displaySMG(7,SMG_number[temper%10]);
 181   3                      }
 182   2                      else if(xianshi_mode==3)
 183   2                      {
 184   3                              displaySMG(0,SMG_number[15]);
 185   3                              
 186   3                              displaySMG(2,SMG_Dotnumber[v/100]);
 187   3                              displaySMG(3,SMG_number[(v%100)/10]);
 188   3                              displaySMG(4,SMG_number[v%10]);
 189   3                              
 190   3                              displaySMG(7,SMG_number[is_liang]);
 191   3                      }
 192   2              }
 193   1              else if(big_mode==2)
 194   1              {
 195   2                      displaySMG(0,0x8c);//P
 196   2                      if(canshu_mode==1)
 197   2                      {
 198   3                              displaySMG(1,SMG_number[1]);
 199   3                              displaySMG(6,SMG_number[time_canshu/10]);
 200   3                              displaySMG(7,SMG_number[time_canshu%10]);
 201   3                      }
 202   2                      else if(canshu_mode==2)
 203   2                      {
 204   3                              displaySMG(1,SMG_number[2]);
 205   3                              displaySMG(6,SMG_number[temper_canshu/10]);
 206   3                              displaySMG(7,SMG_number[temper_canshu%10]);
 207   3                      }
 208   2                      else if(canshu_mode==3)
 209   2                      {
 210   3                              displaySMG(1,SMG_number[3]);
 211   3                              displaySMG(7,SMG_number[led_canshu]);
 212   3                      }
 213   2              }
 214   1      }
 215          void scanKey()
 216          {
 217   1              R1=0;
 218   1              R2=C1=C2=1;
 219   1              if(C1==0)//S4
 220   1              {
 221   2                      delay(100);
 222   2                      if(C1==0)
 223   2                      {
 224   3                              if(big_mode==1)
 225   3                              {
 226   4                                      big_mode=2;
 227   4                                      xianshi_mode=1;
 228   4                              }
 229   3                              else
 230   3                              {
 231   4                                      big_mode=1;
 232   4                                      canshu_mode=1;
 233   4                              }
 234   3                      }
 235   2                      while(C1==0)
 236   2                      {
 237   3                              run();
 238   3                      }
 239   2                      
 240   2              }
C51 COMPILER V9.56.0.0   MAIN                                                              05/28/2024 22:52:18 PAGE 5   

 241   1              if(C2==0)//s8
 242   1              {
 243   2                      delay(100);
 244   2                      if(C2==0)
 245   2                      {
 246   3                              if(big_mode==2)
 247   3                              {
 248   4                                      if(canshu_mode==1)
 249   4                                      {
 250   5                                              if(time_canshu==0)
 251   5                                              {
 252   6                                                      time_canshu=23;
 253   6                                              }
 254   5                                              else
 255   5                                              {
 256   6                                                      time_canshu--;
 257   6                                              }
 258   5                                      }
 259   4                                      else if(canshu_mode==2)
 260   4                                      {
 261   5                                              if(temper_canshu==0)
 262   5                                              {
 263   6                                                      temper_canshu=99;
 264   6                                              }
 265   5                                              else
 266   5                                              {
 267   6                                                      temper_canshu--;
 268   6                                              }
 269   5                                      }
 270   4                                      else if(canshu_mode==3)
 271   4                                      {
 272   5                                              if(led_canshu==4)
 273   5                                              {
 274   6                                                      led_canshu=8;
 275   6                                              }
 276   5                                              else
 277   5                                              {
 278   6                                                      led_canshu--;
 279   6                                              }
 280   5                                      }
 281   4                              }
 282   3                      }
 283   2                      while(C2==0)
 284   2                      {
 285   3                              run();
 286   3                      }
 287   2              }
 288   1              
 289   1              R2=0;
 290   1              R1=C1=C2=1;
 291   1              if(C1==0)//S5
 292   1              {
 293   2                      delay(100);
 294   2                      if(C1==0)
 295   2                      {
 296   3                              if(big_mode==1)
 297   3                              {
 298   4                                      if(xianshi_mode==3)
 299   4                                      {
 300   5                                              xianshi_mode=1;
 301   5                                      }
 302   4                                      else
C51 COMPILER V9.56.0.0   MAIN                                                              05/28/2024 22:52:18 PAGE 6   

 303   4                                      {
 304   5                                              xianshi_mode++;
 305   5                                      }
 306   4                              }
 307   3                              else if(big_mode==2)
 308   3                              {
 309   4                                      if(canshu_mode==1)
 310   4                                      {
 311   5                                              canshu_mode=2;
 312   5                                              real_time_canshu=time_canshu;
 313   5                                      }
 314   4                                      else if(canshu_mode==2)
 315   4                                      {
 316   5                                              canshu_mode=3;
 317   5                                              real_temper_canshu=temper_canshu;
 318   5                                      }
 319   4                                      else if(canshu_mode==3)
 320   4                                      {
 321   5                                              canshu_mode=1;
 322   5                                              real_led_canshu=led_canshu;
 323   5                                      }
 324   4                              }
 325   3                      }
 326   2                      while(C1==0)
 327   2                      {
 328   3                              run();
 329   3                      }
 330   2              }
 331   1              if(C2==0)//s9
 332   1              {
 333   2                      delay(100);
 334   2                      if(C2==0)
 335   2                      {
 336   3                              if(big_mode==2)
 337   3                              {
 338   4                                      if(canshu_mode==1)
 339   4                                      {
 340   5                                              if(time_canshu==23)
 341   5                                              {
 342   6                                                      time_canshu=0;
 343   6                                              }
 344   5                                              else
 345   5                                              {
 346   6                                                      time_canshu++;
 347   6                                              }
 348   5                                      }
 349   4                                      else if(canshu_mode==2)
 350   4                                      {
 351   5                                              if(temper_canshu==99)
 352   5                                              {
 353   6                                                      temper_canshu=0;
 354   6                                              }                                       
 355   5                                              else
 356   5                                              {
 357   6                                                      temper_canshu++;
 358   6                                              }
 359   5                                      }
 360   4                                      else if(canshu_mode==3)
 361   4                                      {
 362   5                                              if(led_canshu==8)
 363   5                                              {
 364   6                                                      led_canshu=4;
C51 COMPILER V9.56.0.0   MAIN                                                              05/28/2024 22:52:18 PAGE 7   

 365   6                                              }
 366   5                                              else
 367   5                                              {
 368   6                                                      led_canshu++;
 369   6                                              }
 370   5                                      }
 371   4                              }
 372   3                      }
 373   2                      while(C2==0)
 374   2                      {
 375   3                              run();
 376   3                      }
 377   2              }
 378   1      }
 379          
 380          void showLED()
 381          {
 382   1              
 383   1              HC(4);
 384   1              P0=0xff;
 385   1              if((TIMER[2]>=real_time_canshu)||(TIMER[2]<=8))//L1
 386   1              {
 387   2                      P0=0xfe;
 388   2              }
 389   1              if(temper<real_temper_canshu)//L2
 390   1              {
 391   2                      P0=(P0&0xfd);
 392   2              }
 393   1              if((is_liang==1)&&(is_3s==1))//L3
 394   1              {
 395   2                      P0=P0&0xfb;
 396   2                      is_L3=0;
 397   2              }
 398   1              else if((is_liang==0)&&(is_3s==0))
 399   1              {
 400   2                      P0=P0&0xff;
 401   2                      is_L3=1;
 402   2              }
 403   1              if(is_L3==0)
 404   1              {
 405   2                      P0=P0&0xfb;
 406   2              }
 407   1              
 408   1              if(is_liang==1)
 409   1              {
 410   2                      P0=P0&(~(0x01<<(led_canshu-1)));
 411   2              }
 412   1              
 413   1              delay(500);
 414   1      }


MODULE INFORMATION:   STATIC OVERLAYABLE
   CODE SIZE        =   1183    ----
   CONSTANT SIZE    =     28    ----
   XDATA SIZE       =   ----    ----
   PDATA SIZE       =   ----    ----
   DATA SIZE        =     22    ----
   IDATA SIZE       =   ----    ----
   BIT SIZE         =   ----    ----
END OF MODULE INFORMATION.


C51 COMPILATION COMPLETE.  0 WARNING(S),  0 ERROR(S)
