C51 COMPILER V9.56.0.0   DS1302                                                            04/09/2024 20:00:11 PAGE 1   


C51 COMPILER V9.56.0.0, COMPILATION OF MODULE DS1302
OBJECT MODULE PLACED IN .\Objects\ds1302.obj
COMPILER INVOKED BY: C:\Keil_c51v956\C51\BIN\C51.EXE ds1302.c OPTIMIZE(8,SPEED) BROWSE DEBUG OBJECTEXTEND PRINT(.\Listin
                    -gs\ds1302.lst) OBJECT(.\Objects\ds1302.obj)

line level    source

   1          /*      #       DS1302代码片段说明
   2                  1.      本文件夹中提供的驱动代码供参赛选手完成程序设计参考。
   3                  2.      参赛选手可以自行编写相关代码或以该代码为基础，根据所选单片机类型、运行速度和试题
   4                          中对单片机时钟频率的要求，进行代码调试和修改。
   5          */                                                              
   6          #include <STC15F2K60S2.H>
   7          #include <intrins.h>
   8          #include "ds1302.h"
   9          //
  10          unsigned char write_addr[7]={0x80,0x82,0x84,0x86,0x88,0x8a,0x8c};
  11          unsigned char read_addr[7]={0x81,0x83,0x85,0x87,0x89,0x8b,0x8d};
  12          unsigned char Timer[7]={0x10,0x059,0x22,0x08,0x04,0x01,0x24};
  13          void Write_Ds1302(unsigned  char temp) 
  14          {
  15   1              unsigned char i;
  16   1              for (i=0;i<8;i++)       
  17   1              { 
  18   2                      SCK = 0;
  19   2                      SDA = temp&0x01;
  20   2                      temp>>=1; 
  21   2                      SCK=1;
  22   2              }
  23   1      }   
  24          
  25          //
  26          void Write_Ds1302_Byte( unsigned char address,unsigned char dat )     
  27          {
  28   1              RST=0;  _nop_();
  29   1              SCK=0;  _nop_();
  30   1              RST=1;  _nop_();  
  31   1              Write_Ds1302(address);  
  32   1              Write_Ds1302(dat);              
  33   1              RST=0; 
  34   1      }
  35          
  36          //
  37          unsigned char Read_Ds1302_Byte ( unsigned char address )
  38          {
  39   1              unsigned char i,temp=0x00;
  40   1              RST=0;  _nop_();
  41   1              SCK=0;  _nop_();
  42   1              RST=1;  _nop_();
  43   1              Write_Ds1302(address);
  44   1              for (i=0;i<8;i++)       
  45   1              {               
  46   2                      SCK=0;
  47   2                      temp>>=1;       
  48   2                      if(SDA)
  49   2                      temp|=0x80;     
  50   2                      SCK=1;
  51   2              } 
  52   1              RST=0;  _nop_();
  53   1              SCK=0;  _nop_();
  54   1              SCK=1;  _nop_();
C51 COMPILER V9.56.0.0   DS1302                                                            04/09/2024 20:00:11 PAGE 2   

  55   1              SDA=0;  _nop_();
  56   1              SDA=1;  _nop_();
  57   1              return (temp);                  
  58   1      }
  59          void write_date()
  60          {
  61   1              unsigned char n;
  62   1              Write_Ds1302_Byte(0x8e,0x00);//关闭写保护
  63   1              for(n=0;n<7;n++)
  64   1              {
  65   2                      Write_Ds1302_Byte(write_addr[n],Timer[n]);//给对应位置写入对应数据
  66   2              }
  67   1              Write_Ds1302_Byte(0x8e,0x80);//关闭写保护
  68   1      }
  69          void read_date()
  70          {
  71   1              unsigned char n;
  72   1              for(n=0;n<7;n++)
  73   1              {
  74   2                      Timer[n]=Read_Ds1302_Byte(read_addr[n]);//读出对应寄存器的内容存入Timer
  75   2              }
  76   1      }


MODULE INFORMATION:   STATIC OVERLAYABLE
   CODE SIZE        =    148    ----
   CONSTANT SIZE    =   ----    ----
   XDATA SIZE       =   ----    ----
   PDATA SIZE       =   ----    ----
   DATA SIZE        =     21    ----
   IDATA SIZE       =   ----    ----
   BIT SIZE         =   ----    ----
END OF MODULE INFORMATION.


C51 COMPILATION COMPLETE.  0 WARNING(S),  0 ERROR(S)
