C51 COMPILER V9.56.0.0   ONEWIRE                                                           04/09/2024 19:26:27 PAGE 1   


C51 COMPILER V9.56.0.0, COMPILATION OF MODULE ONEWIRE
OBJECT MODULE PLACED IN .\Objects\onewire.obj
COMPILER INVOKED BY: C:\Keil_c51v956\C51\BIN\C51.EXE onewire.c OPTIMIZE(8,SPEED) BROWSE DEBUG OBJECTEXTEND PRINT(.\Listi
                    -ngs\onewire.lst) OBJECT(.\Objects\onewire.obj)

line level    source

   1          /*      #       å•æ€»çº¿ä»£ç ç‰‡æ®µè¯´æ˜
   2                  1.      æœ¬æ–‡ä»¶å¤¹ä¸­æä¾›çš„é©±åŠ¨ä»£ç ä¾›å‚èµ›é€‰æ‰‹å®Œæˆç¨‹åºè®¾è®¡å‚è€ƒã€‚
   3                  2.      å‚èµ›é€‰æ‰‹å¯ä»¥è‡ªè¡Œç¼–å†™ç›¸å…³ä»£ç æˆ–ä»¥è¯¥ä»£ç ä¸ºåŸºç¡€ï¼Œæ ¹æ®æ‰€é€‰å•ç‰‡æœºç±»å‹ã€è¿
             -è¡Œé€Ÿåº¦å’Œè¯•é¢˜
   4                          ä¸­å¯¹å•ç‰‡æœºæ—¶é’Ÿé¢‘ç‡çš„è¦æ±‚ï¼Œè¿›è¡Œä»£ç è°ƒè¯•å’Œä¿®æ”¹ã€‚
   5          */
   6          #include <STC15F2K60S2.H>
   7          #include <intrins.h>
   8          #include "onewire.h"
   9          //
  10          void Delay_OneWire(unsigned int t)  
  11          {
  12   1              unsigned char i;
  13   1              while(t--){
  14   2                      for(i=0;i<12;i++);
  15   2              }
  16   1      }
  17          
  18          //
  19          void Write_DS18B20(unsigned char dat)
  20          {
  21   1              unsigned char i;
  22   1              for(i=0;i<8;i++)
  23   1              {
  24   2                      DQ = 0;
  25   2                      DQ = dat&0x01;
  26   2                      Delay_OneWire(5);
  27   2                      DQ = 1;
  28   2                      dat >>= 1;
  29   2              }
  30   1              Delay_OneWire(5);
  31   1      }
  32          
  33          //
  34          unsigned char Read_DS18B20(void)
  35          {
  36   1              unsigned char i;
  37   1              unsigned char dat;
  38   1        
  39   1              for(i=0;i<8;i++)
  40   1              {
  41   2                      DQ = 0;
  42   2                      dat >>= 1;
  43   2                      DQ = 1;
  44   2                      if(DQ)
  45   2                      {
  46   3                              dat |= 0x80;
  47   3                      }           
  48   2                      Delay_OneWire(5);
  49   2              }
  50   1              return dat;
  51   1      }
  52          
  53          //
C51 COMPILER V9.56.0.0   ONEWIRE                                                           04/09/2024 19:26:27 PAGE 2   

  54          bit init_ds18b20(void)
  55          {
  56   1              bit initflag = 0;
  57   1              
  58   1              DQ = 1;
  59   1              Delay_OneWire(12);
  60   1              DQ = 0;
  61   1              Delay_OneWire(80);
  62   1              DQ = 1;
  63   1              Delay_OneWire(10); 
  64   1          initflag = DQ;     
  65   1              Delay_OneWire(5);
  66   1        
  67   1              return initflag;
  68   1      }
  69          
  70          unsigned int read_Temp()
  71          {
  72   1              unsigned int temp;
  73   1              unsigned char LSB;//å°†å¯„å­˜å™¨ä¸­ç¬¬0å·ä½ç½®çš„å­—ç¬¦ä¿å­˜ï¼Œè¡¨ç¤ºä½å…«ä½
  74   1              unsigned char MSB;//å°†å¯„å­˜å™¨ä¸­ç¬¬1å·ä½ç½®çš„å­—ç¬¦ä¿å­˜ï¼Œé«˜5ä½ä¸ºç¬¦å·
  75   1              init_ds18b20();//å¤ä½
  76   1              Write_DS18B20(0xcc);//è·³è¿‡ROMæŒ‡ä»¤ï¼›
  77   1              Write_DS18B20(0x44);//å¼€å§‹æ¸©åº¦è½¬æ¢ï¼Œéœ€è¦700-900ms
  78   1              
  79   1              init_ds18b20();//å¤ä½
  80   1              Write_DS18B20(0xcc);//è·³è¿‡ROMæŒ‡ä»¤ï¼›
  81   1              Write_DS18B20(0xbe);//è¯»å‡½æ•°æŒ‡ä»¤
  82   1              LSB=Read_DS18B20();//è¯»å–å¯„å­˜å™¨ä¸­ç¬¬0å­—èŠ‚çš„å†…å®¹
  83   1              MSB=Read_DS18B20();//è¯»å–å¯„å­˜å™¨ä¸­ç¬¬1å­—èŠ‚çš„å†…å®¹ï¼Œæ•°æ®æ˜¯è¡¥ç å½¢å¼ï¼Œé«˜5ä½ä¸ºç¬¦å·ä½
  84   1              init_ds18b20();//å¤ä½
  85   1              temp=0;
  86   1              temp=MSB;
  87   1              temp=temp<<8;
  88   1              temp=temp|LSB;
  89   1              if((temp&0xf800)==0)
  90   1              {
  91   2                      temp=temp>>4;
  92   2                      temp=temp*10;
  93   2                      temp=temp+(unsigned int)((LSB & 0x0f)*0.625);//æœ¬æ¥åº”è¯¥ä¹˜ä»¥0.0625ï¼Œä½†æ˜¯tempæ‰©å¤§åå€ä¾¿äºè®
             -¡ç®—ï¼›
  94   2                      return temp;
  95   2              }
  96   1      
  97   1              
  98   1      }
*** WARNING C291 IN LINE 98 OF onewire.c: not every exit path returns a value


MODULE INFORMATION:   STATIC OVERLAYABLE
   CODE SIZE        =    254    ----
   CONSTANT SIZE    =   ----    ----
   XDATA SIZE       =   ----    ----
   PDATA SIZE       =   ----    ----
   DATA SIZE        =   ----       2
   IDATA SIZE       =   ----    ----
   BIT SIZE         =   ----       1
END OF MODULE INFORMATION.


C51 COMPILATION COMPLETE.  1 WARNING(S),  0 ERROR(S)
