C51 COMPILER V9.56.0.0   IIC                                                               04/05/2024 23:32:21 PAGE 1   


C51 COMPILER V9.56.0.0, COMPILATION OF MODULE IIC
OBJECT MODULE PLACED IN .\Objects\iic.obj
COMPILER INVOKED BY: C:\Keil_c51v956\C51\BIN\C51.EXE iic.c OPTIMIZE(8,SPEED) BROWSE DEBUG OBJECTEXTEND PRINT(.\Listings\
                    -iic.lst) OBJECT(.\Objects\iic.obj)

line level    source

   1          /*      #   I2C代码片段说明
   2                  1.      本文件夹中提供的驱动代码供参赛选手完成程序设计参考。
   3                  2.      参赛选手可以自行编写相关代码或以该代码为基础，根据所选单片机类型、
             -行速度和试题
   4                          中对单片机时钟频率的要求，进行代码调试和修改。
   5          */
   6          #include <STC15F2K60S2.H>
   7          #include <intrins.h>
   8          #include "iic.h"
   9          #define DELAY_TIME      5
  10          
  11          //
  12          static void I2C_Delay(unsigned char n)
  13          {
  14   1          do
  15   1          {
  16   2              _nop_();_nop_();_nop_();_nop_();_nop_();
  17   2              _nop_();_nop_();_nop_();_nop_();_nop_();
  18   2              _nop_();_nop_();_nop_();_nop_();_nop_();                
  19   2          }
  20   1          while(n--);         
  21   1      }
  22          
  23          //
  24          void I2CStart(void)
  25          {
  26   1          sda = 1;
  27   1          scl = 1;
  28   1              I2C_Delay(DELAY_TIME);
  29   1          sda = 0;
  30   1              I2C_Delay(DELAY_TIME);
  31   1          scl = 0;    
  32   1      }
  33          
  34          //
  35          void I2CStop(void)
  36          {
  37   1          sda = 0;
  38   1          scl = 1;
  39   1              I2C_Delay(DELAY_TIME);
  40   1          sda = 1;
  41   1              I2C_Delay(DELAY_TIME);
  42   1      }
  43          
  44          //
  45          void I2CSendByte(unsigned char byt)
  46          {
  47   1          unsigned char i;
  48   1              
  49   1          for(i=0; i<8; i++){
  50   2              scl = 0;
  51   2                      I2C_Delay(DELAY_TIME);
  52   2              if(byt & 0x80){
  53   3                  sda = 1;
C51 COMPILER V9.56.0.0   IIC                                                               04/05/2024 23:32:21 PAGE 2   

  54   3              }
  55   2              else{
  56   3                  sda = 0;
  57   3              }
  58   2                      I2C_Delay(DELAY_TIME);
  59   2              scl = 1;
  60   2              byt <<= 1;
  61   2                      I2C_Delay(DELAY_TIME);
  62   2          }
  63   1              
  64   1          scl = 0;  
  65   1      }
  66          
  67          //
  68          unsigned char I2CReceiveByte(void)
  69          {
  70   1              unsigned char da;
  71   1              unsigned char i;
  72   1              for(i=0;i<8;i++){   
  73   2                      scl = 1;
  74   2                      I2C_Delay(DELAY_TIME);
  75   2                      da <<= 1;
  76   2                      if(sda) 
  77   2                              da |= 0x01;
  78   2                      scl = 0;
  79   2                      I2C_Delay(DELAY_TIME);
  80   2              }
  81   1              return da;    
  82   1      }
  83          
  84          //
  85          unsigned char I2CWaitAck(void)
  86          {
  87   1              unsigned char ackbit;
  88   1              
  89   1          scl = 1;
  90   1              I2C_Delay(DELAY_TIME);
  91   1          ackbit = sda; 
  92   1          scl = 0;
  93   1              I2C_Delay(DELAY_TIME);
  94   1              
  95   1              return ackbit;
  96   1      }
  97          
  98          //
  99          void I2CSendAck(unsigned char ackbit)
 100          {
 101   1          scl = 0;
 102   1          sda = ackbit; 
 103   1              I2C_Delay(DELAY_TIME);
 104   1          scl = 1;
 105   1              I2C_Delay(DELAY_TIME);
 106   1          scl = 0; 
 107   1              sda = 1;
 108   1              I2C_Delay(DELAY_TIME);
 109   1      }
 110          void writeAT24(unsigned char addr,unsigned char dat)
 111          {
 112   1              I2CStart();
 113   1              I2CSendByte(0xa0);
 114   1              I2CWaitAck();
 115   1              I2CSendByte(addr);
C51 COMPILER V9.56.0.0   IIC                                                               04/05/2024 23:32:21 PAGE 3   

 116   1              I2CWaitAck();
 117   1              I2CSendByte(dat);
 118   1              I2CWaitAck();
 119   1              I2CStop();
 120   1      }
 121          unsigned char readAT24(unsigned char addr)
 122          {
 123   1              unsigned char temp;
 124   1              I2CStart();
 125   1              I2CSendByte(0xa0);
 126   1              I2CWaitAck();
 127   1              I2CSendByte(addr);
 128   1              I2CWaitAck();
 129   1              
 130   1              I2CStart();
 131   1              I2CSendByte(0xa1);
 132   1              I2CWaitAck();
 133   1              temp=I2CReceiveByte();
 134   1              I2CSendAck(1);
 135   1              I2CStop();
 136   1              return temp;
 137   1      }
 138          
 139          void writePCF(unsigned char dat)
 140          {
 141   1              I2CStart();
 142   1              I2CSendByte(0x90);
 143   1              I2CWaitAck();
 144   1              I2CSendByte(0x40);
 145   1              I2CWaitAck();
 146   1              I2CSendByte(dat);
 147   1              I2CWaitAck();
 148   1              I2CStop();
 149   1      }
 150          unsigned char readPCF(unsigned char ctrl_byte)
 151          {
 152   1              unsigned char temp;
 153   1              I2CStart();
 154   1              I2CSendByte(0x90);
 155   1              I2CWaitAck();
 156   1              I2CSendByte(ctrl_byte);
 157   1              I2CWaitAck();
 158   1              
 159   1              I2CStart();
 160   1              I2CSendByte(0x91);
 161   1              I2CWaitAck();
 162   1              temp=I2CReceiveByte();
 163   1              I2CSendAck(1);
 164   1              I2CStop();
 165   1              return temp;
 166   1      }


MODULE INFORMATION:   STATIC OVERLAYABLE
   CODE SIZE        =    281    ----
   CONSTANT SIZE    =   ----    ----
   XDATA SIZE       =   ----    ----
   PDATA SIZE       =   ----    ----
   DATA SIZE        =   ----    ----
   IDATA SIZE       =   ----    ----
   BIT SIZE         =   ----    ----
END OF MODULE INFORMATION.

C51 COMPILER V9.56.0.0   IIC                                                               04/05/2024 23:32:21 PAGE 4   


C51 COMPILATION COMPLETE.  0 WARNING(S),  0 ERROR(S)
