C51 COMPILER V9.56.0.0   MAIN                                                              04/05/2024 23:42:12 PAGE 1   


C51 COMPILER V9.56.0.0, COMPILATION OF MODULE MAIN
OBJECT MODULE PLACED IN .\Objects\main.obj
COMPILER INVOKED BY: C:\Keil_c51v956\C51\BIN\C51.EXE main.c OPTIMIZE(8,SPEED) BROWSE DEBUG OBJECTEXTEND PRINT(.\Listings
                    -\main.lst) OBJECT(.\Objects\main.obj)

line level    source

   1          #include <STC15F2K60S2.H>
   2          #include <intrins.h>
   3          #include "iic.h"
   4          sbit S7=P3^0;
   5          sbit S6=P3^1;
   6          sbit S5=P3^2;
   7          sbit S4=P3^3;
   8          unsigned char code SMG_number[]=
   9                  {0xc0,0xf9,0xa4,0xb0,0x99,0x92,0x82,0xf8,
  10               0x80,0x90,0x88,0x83,0xc6,0xc0,0x86,0x8e,
  11                  0xbf,0x7f};//数码管段码，0-f和-.
  12          unsigned char code SMG_Dotnumber[]={0x40,0x79,0x24,0x30,0x19,0x12,0x02,0x78,0x00,0x10}; 
  13          //U-0xc1,F-0x8e,n-0xc8
  14          unsigned char SMG_mode=0;//数码管显示模式
  15          unsigned char LED_mode=0;//LED开闭控制，0为开
  16          unsigned char V_mode=1;//电压选取,1表示通道1，3表示通道3
  17          unsigned int v1;//从光敏电阻读取电压
  18          unsigned int v3;//从滑动电阻读取电压
  19          unsigned int v;//显示在数码管上的电压
  20          unsigned int v3_pro=0;//存在AT24C02中的电压
  21          unsigned char count_S7=0;//长按S7计时
  22          unsigned char S7_key=0;
  23          unsigned int dat_f=0;//显示频率
  24          
  25          unsigned int dat_f_AT=0;//从eeprom中读取的
  26          unsigned int count_f=0;//频率计数
  27          unsigned long dat_cycle=0;//显示周期
  28          unsigned char count_t=0;//计时器计时
  29          
  30          void SelectHC(unsigned char channel);
  31          void InitSys();//初始化，关闭蜂鸣器继电器
  32          void displaySMG(unsigned char pos,unsigned char value);//数码管控制
  33          void showSMG();//数码管显示
  34          void offSMG();//数码管关闭
  35          void showLED();//LED显示
  36          void scanKey();//按键控制
  37          void delaySMG(unsigned int t);
  38          
  39          void InitTimer();
  40          
  41          void main()
  42          {
  43   1              InitTimer();
  44   1              InitSys();
  45   1              while(1)
  46   1              {
  47   2                      v1=((unsigned int)readPCF(0x01))*100/51;
  48   2                      delaySMG(10000);
  49   2                      v3=((unsigned int)readPCF(0x03))*100/51;
  50   2                      delaySMG(10000);
  51   2                      dat_cycle=1000000/dat_f;
  52   2                      if(V_mode==1)
  53   2                      {
  54   3                              v=v1;
C51 COMPILER V9.56.0.0   MAIN                                                              04/05/2024 23:42:12 PAGE 2   

  55   3                      }
  56   2                      else
  57   2                      {
  58   3                              v=v3;
  59   3                      }
  60   2                      scanKey();
  61   2                      showSMG();
  62   2                      showLED();
  63   2              }
  64   1      }
  65          void SelectHC(unsigned char channel)
  66          {
  67   1              switch(channel)
  68   1              {
  69   2                      case 4:
  70   2                              P2=(P2&0x1f)|0x80;
  71   2                              break;
  72   2                      case 5:
  73   2                              P2=(P2&0x1f)|0xa0;
  74   2                              break;
  75   2                      case 6:
  76   2                              P2=(P2&0x1f)|0xc0;
  77   2                              break;
  78   2                      case 7:
  79   2                              P2=(P2&0x1f)|0xe0;
  80   2                              break;
  81   2              }
  82   1      }
  83          void InitSys()
  84          {
  85   1              SelectHC(4);
  86   1              P0=0xff;
  87   1              SelectHC(5);
  88   1              P0=P0&0xaf;
  89   1      }
  90          void displaySMG(unsigned char pos,unsigned char value)
  91          {
  92   1              SelectHC(7);
  93   1              P0=0xff;
  94   1              SelectHC(6);
  95   1              P0=0x01<<pos;
  96   1              SelectHC(7);
  97   1              P0=value;
  98   1      }
  99          void offSMG()
 100          {
 101   1              SelectHC(6);
 102   1              P0=0x00;
 103   1              SelectHC(7);
 104   1              P0=0xff;
 105   1      }
 106          void delaySMG(unsigned int t)
 107          {
 108   1              while(t--);
 109   1      }
 110          void showSMG()
 111          {
 112   1              if(SMG_mode==0)//显示频率
 113   1              {
 114   2                      displaySMG(0,0x8e);
 115   2                      delaySMG(100);
 116   2                      if(dat_f>9999)
C51 COMPILER V9.56.0.0   MAIN                                                              04/05/2024 23:42:12 PAGE 3   

 117   2                      {
 118   3                              displaySMG(3,SMG_number[dat_f/10000]);
 119   3                              delaySMG(100);
 120   3                              
 121   3                      }
 122   2                      if(dat_f>999)
 123   2                      {
 124   3                              displaySMG(4,SMG_number[(dat_f/1000)%10]);
 125   3                              delaySMG(100);
 126   3                      }
 127   2                      if(dat_f>99)
 128   2                      {
 129   3                              displaySMG(5,SMG_number[(dat_f/100)%10]);
 130   3                              delaySMG(100);
 131   3                      }
 132   2                      if(dat_f>9)
 133   2                      {
 134   3                              displaySMG(6,SMG_number[(dat_f/10)%10]);
 135   3                              delaySMG(100);
 136   3                      }
 137   2                      displaySMG(7,SMG_number[dat_f%10]);
 138   2                      delaySMG(100);
 139   2                      offSMG();
 140   2              }
 141   1              else if(SMG_mode==1)
 142   1              {
 143   2                      displaySMG(0,0xc8);
 144   2                      delaySMG(100);
 145   2                      if(dat_cycle>999999)
 146   2                      {
 147   3                              displaySMG(1,SMG_number[dat_cycle/1000000]);
 148   3                              delaySMG(100);
 149   3                      }
 150   2                      if(dat_cycle>99999)
 151   2                      {
 152   3                              displaySMG(2,SMG_number[(dat_cycle/100000)%10]);
 153   3                              delaySMG(100);
 154   3                      }
 155   2                      if(dat_cycle>9999)
 156   2                      {
 157   3                              displaySMG(3,SMG_number[(dat_cycle/10000)%10]);
 158   3                              delaySMG(100);
 159   3                      }
 160   2                      if(dat_cycle>999)
 161   2                      {
 162   3                              displaySMG(4,SMG_number[(dat_cycle/1000)%10]);
 163   3                              delaySMG(100);
 164   3                      }
 165   2                      if(dat_cycle>99)
 166   2                      {
 167   3                              displaySMG(5,SMG_number[(dat_cycle/100)%10]);
 168   3                              delaySMG(100);
 169   3                      }
 170   2                      if(dat_cycle>9)
 171   2                      {
 172   3                              displaySMG(6,SMG_number[(dat_cycle/10)%10]);
 173   3                              delaySMG(100);
 174   3                      }
 175   2                      displaySMG(7,SMG_number[dat_cycle%10]);
 176   2                      delaySMG(100);
 177   2                      offSMG();
 178   2              }
C51 COMPILER V9.56.0.0   MAIN                                                              04/05/2024 23:42:12 PAGE 4   

 179   1              else if(SMG_mode==2)//电压界面
 180   1              {
 181   2                      displaySMG(0,0xc1);
 182   2                      delaySMG(100);
 183   2                      displaySMG(1,SMG_number[16]);
 184   2                      delaySMG(100);
 185   2                      displaySMG(2,SMG_number[V_mode]);
 186   2                      delaySMG(100);
 187   2                      displaySMG(5,SMG_Dotnumber[v/100]);
 188   2                      delaySMG(100);
 189   2                      displaySMG(6,SMG_number[(v%100)/10]);
 190   2                      delaySMG(100);
 191   2                      displaySMG(7,SMG_number[v%10]);
 192   2                      delaySMG(100);
 193   2                      offSMG();       
 194   2              }
 195   1      }
 196          void Delay6ms()         //@11.0592MHz
 197          {
 198   1              unsigned char i, j;
 199   1      
 200   1              _nop_();
 201   1              _nop_();
 202   1              _nop_();
 203   1              i = 65;
 204   1              j = 136;
 205   1              do
 206   1              {
 207   2                      while (--j);
 208   2              } while (--i);
 209   1      }
 210          
 211          void scanKey()
 212          {
 213   1              if(S4==0)
 214   1              {
 215   2                      delaySMG(100);
 216   2                      if(S4==0)
 217   2                      {
 218   3                              if(SMG_mode==2)
 219   3                              {
 220   4                                      SMG_mode=0;
 221   4                              }
 222   3                              else
 223   3                              {
 224   4                                      SMG_mode++;
 225   4                              }
 226   3                      }
 227   2                      while(S4==0)
 228   2                      {
 229   3                              showSMG();
 230   3                              showLED();
 231   3                      }
 232   2              }
 233   1              if(S5==0)
 234   1              {
 235   2                      delaySMG(100);
 236   2                      if(S5==0)
 237   2                      {
 238   3                              if(V_mode==1)
 239   3                              {
 240   4                                      V_mode=3;
C51 COMPILER V9.56.0.0   MAIN                                                              04/05/2024 23:42:12 PAGE 5   

 241   4                                      v=v3;
 242   4                              }
 243   3                              else
 244   3                              {
 245   4                                      V_mode=1;
 246   4                                      v=v1;
 247   4                              }
 248   3                      }
 249   2                      while(S5==0)
 250   2                      {
 251   3                              showSMG();
 252   3                              showLED();
 253   3                      }
 254   2              }
 255   1              if(S6==0)
 256   1              {
 257   2                      delaySMG(100);
 258   2                      if(S6==0)
 259   2                      {
 260   3                              writeAT24(0x00,v3/10);
 261   3                              v3_pro=v3;
 262   3                      }
 263   2                      while(S6==0)
 264   2                      {
 265   3                              showSMG();
 266   3                              showLED();
 267   3                      }
 268   2              }
 269   1              if(S7==0)
 270   1              {
 271   2                      delaySMG(100);
 272   2                      if(S7==0)
 273   2                      {
 274   3                              S7_key=1;
 275   3                              writeAT24(0x01,dat_f/256);
 276   3                              Delay6ms();
 277   3                              writeAT24(0x02,dat_f/256);
 278   3                              Delay6ms();
 279   3                              dat_f_AT=dat_f;
 280   3                      }
 281   2                      while(S7==0)
 282   2                      {
 283   3                              showSMG();
 284   3                              showLED();
 285   3                      }
 286   2                      S7_key=0;
 287   2                      count_S7=0;
 288   2              }
 289   1      }
 290          void InitTimer()
 291          {
 292   1              TMOD = 0x16;                    //设置定时器为模式0(16位自动重装载)
 293   1              TL1 = (65535-50000+1)%256;                     //初始化计时值
 294   1          TH1 = (65535-50000+1)/256;
 295   1              TH0=0xff;
 296   1              TL0=0xff;
 297   1              TR0=1;
 298   1              ET0=1;
 299   1          TR1 = 1;                        //定时器1开始计时
 300   1          ET1 = 1;                        //使能定时器0中断
 301   1          EA = 1;
 302   1      }
C51 COMPILER V9.56.0.0   MAIN                                                              04/05/2024 23:42:12 PAGE 6   

 303          void ServiceTimer0() interrupt 1
 304          {
 305   1              count_f++;
 306   1      }
 307          
 308          void ServiceTimer1() interrupt 3
 309          {
 310   1              TL1 = (65535-50000+1)%256;                     //初始化计时值
 311   1          TH1 = (65535-50000+1)/256;
 312   1              count_t++;
 313   1              if(count_t==20)
 314   1              {
 315   2                      dat_f=count_f;
 316   2                      count_f=0;
 317   2                      count_t=0;
 318   2              }
 319   1              if(S7_key==1)
 320   1              {
 321   2                      count_S7++;
 322   2                      if(count_S7==20)
 323   2                      {
 324   3                              if(LED_mode==0)
 325   3                              {
 326   4                                      LED_mode=1;
 327   4                              }
 328   3                              else
 329   3                              {
 330   4                                      LED_mode=0;
 331   4                              }
 332   3                      }
 333   2              }
 334   1              
 335   1      }
 336          void showLED()
 337          {
 338   1              SelectHC(4);
 339   1              P0=0xff;
 340   1              if(LED_mode==0)
 341   1              {
 342   2                      if(SMG_mode==0)//L3点亮
 343   2                      {
 344   3                              P0=P0&0xfb;
 345   3                      }
 346   2                      else if(SMG_mode==1)//L4点亮
 347   2                      {
 348   3                              P0=P0&0xf7;
 349   3                      }
 350   2                      else//L5点亮
 351   2                      {
 352   3                              P0=P0&0xef;
 353   3                      }
 354   2                      if(v3>v3_pro)//点亮L1
 355   2                      {
 356   3                              P0=P0&0xfe;
 357   3                      }
 358   2                      if(dat_f>dat_f_AT)//点亮L2
 359   2                      {
 360   3                              P0=P0&0xfd;
 361   3                      }
 362   2                      P0=0xff;
 363   2              }
 364   1              else
C51 COMPILER V9.56.0.0   MAIN                                                              04/05/2024 23:42:12 PAGE 7   

 365   1              {
 366   2                      P0=0xff;
 367   2              }
 368   1      }


MODULE INFORMATION:   STATIC OVERLAYABLE
   CODE SIZE        =   1374    ----
   CONSTANT SIZE    =     28    ----
   XDATA SIZE       =   ----    ----
   PDATA SIZE       =   ----    ----
   DATA SIZE        =     24    ----
   IDATA SIZE       =   ----    ----
   BIT SIZE         =   ----    ----
END OF MODULE INFORMATION.


C51 COMPILATION COMPLETE.  0 WARNING(S),  0 ERROR(S)
