C51 COMPILER V9.56.0.0   DS1302                                                            05/31/2024 17:17:40 PAGE 1   


C51 COMPILER V9.56.0.0, COMPILATION OF MODULE DS1302
OBJECT MODULE PLACED IN .\Objects\ds1302.obj
COMPILER INVOKED BY: C:\Keil_c51v956\C51\BIN\C51.EXE ds1302.c OPTIMIZE(8,SPEED) BROWSE DEBUG OBJECTEXTEND PRINT(.\Listin
                    -gs\ds1302.lst) OBJECT(.\Objects\ds1302.obj)

line level    source

   1          /*      #       DS1302ä»£ç ç‰‡æ®µè¯´æ˜
   2                  1.      æœ¬æ–‡ä»¶å¤¹ä¸­æä¾›çš„é©±åŠ¨ä»£ç ä¾›å‚èµ›é€‰æ‰‹å®Œæˆç¨‹åºè®¾è®¡å‚è€ƒã€‚
   3                  2.      å‚èµ›é€‰æ‰‹å¯ä»¥è‡ªè¡Œç¼–å†™ç›¸å…³ä»£ç æˆ–ä»¥è¯¥ä»£ç ä¸ºåŸºç¡€ï¼Œæ ¹æ®æ‰€é€‰å•ç‰‡æœºç±»å‹ã€è¿
             -è¡Œé€Ÿåº¦å’Œè¯•é¢˜
   4                          ä¸­å¯¹å•ç‰‡æœºæ—¶é’Ÿé¢‘ç‡çš„è¦æ±‚ï¼Œè¿›è¡Œä»£ç è°ƒè¯•å’Œä¿®æ”¹ã€‚
   5          */                                                              
   6          #include <STC15F2K60S2.H>
   7          #include <ds1302.h>
   8          unsigned char Timer[7]={0x00,0x20,0x15,0x31,0x05,0x05,0x24};
   9          unsigned char writeAddr[7]={0x80,0x82,0x84,0x86,0x88,0x8a,0x8c};
  10          unsigned char readAddr[7]={0x81,0x83,0x85,0x87,0x89,0x8b,0x8d};
  11          
  12          //
  13          void Write_Ds1302(unsigned  char temp) 
  14          {
  15   1              unsigned char i;
  16   1              for (i=0;i<8;i++)       
  17   1              { 
  18   2                      SCK = 0;
  19   2                      SDA = temp&0x01;
  20   2                      temp>>=1; 
  21   2                      SCK=1;
  22   2              }
  23   1      }   
  24          
  25          //
  26          void Write_Ds1302_Byte( unsigned char address,unsigned char dat )     
  27          {
  28   1              RST=0;  _nop_();
  29   1              SCK=0;  _nop_();
  30   1              RST=1;  _nop_();  
  31   1              Write_Ds1302(address);  
  32   1              Write_Ds1302(dat);              
  33   1              RST=0; 
  34   1      }
  35          
  36          //
  37          unsigned char Read_Ds1302_Byte ( unsigned char address )
  38          {
  39   1              unsigned char i,temp=0x00;
  40   1              RST=0;  _nop_();
  41   1              SCK=0;  _nop_();
  42   1              RST=1;  _nop_();
  43   1              Write_Ds1302(address);
  44   1              for (i=0;i<8;i++)       
  45   1              {               
  46   2                      SCK=0;
  47   2                      temp>>=1;       
  48   2                      if(SDA)
  49   2                      temp|=0x80;     
  50   2                      SCK=1;
  51   2              } 
  52   1              RST=0;  _nop_();
  53   1              SCK=0;  _nop_();
C51 COMPILER V9.56.0.0   DS1302                                                            05/31/2024 17:17:40 PAGE 2   

  54   1              SCK=1;  _nop_();
  55   1              SDA=0;  _nop_();
  56   1              SDA=1;  _nop_();
  57   1              return (temp);                  
  58   1      }
  59          
  60          void write_time()
  61          {
  62   1              unsigned char i;
  63   1              Write_Ds1302_Byte(0x8e,0x00);//å…³é—­å†™ä¿æŠ¤
  64   1              for(i=0;i<7;i++)
  65   1              {
  66   2                      Write_Ds1302_Byte(writeAddr[i],Timer[i]);
  67   2              }
  68   1              Write_Ds1302_Byte(0x8e,0x80);
  69   1              
  70   1      }
  71          void read_time()
  72          {
  73   1              unsigned char i;
  74   1              for(i=0;i<7;i++)
  75   1              {
  76   2                      Timer[i]=Read_Ds1302_Byte(readAddr[i]);
  77   2              }
  78   1      }


MODULE INFORMATION:   STATIC OVERLAYABLE
   CODE SIZE        =    148    ----
   CONSTANT SIZE    =   ----    ----
   XDATA SIZE       =   ----    ----
   PDATA SIZE       =   ----    ----
   DATA SIZE        =     21    ----
   IDATA SIZE       =   ----    ----
   BIT SIZE         =   ----    ----
END OF MODULE INFORMATION.


C51 COMPILATION COMPLETE.  0 WARNING(S),  0 ERROR(S)
