C51 COMPILER V9.56.0.0   IIC                                                               05/31/2024 17:17:41 PAGE 1   


C51 COMPILER V9.56.0.0, COMPILATION OF MODULE IIC
OBJECT MODULE PLACED IN .\Objects\iic.obj
COMPILER INVOKED BY: C:\Keil_c51v956\C51\BIN\C51.EXE iic.c OPTIMIZE(8,SPEED) BROWSE DEBUG OBJECTEXTEND PRINT(.\Listings\
                    -iic.lst) OBJECT(.\Objects\iic.obj)

line level    source

   1          /*      #   I2C代码片段说明
   2                  1.      本文件夹中提供的驱动代码供参赛选手完成程序设计参考。
   3                  2.      参赛选手可以自行编写相关代码或以该代码为基础，根据所选单片机类型、
             -行速度和试题
   4                          中对单片机时钟频率的要求，进行代码调试和修改。
   5          */
   6          #include <STC15F2K60S2.H>
   7          #include <iic.h>
   8          #define DELAY_TIME      10
   9          
  10          //
  11          static void I2C_Delay(unsigned char n)
  12          {
  13   1          do
  14   1          {
  15   2              _nop_();_nop_();_nop_();_nop_();_nop_();
  16   2              _nop_();_nop_();_nop_();_nop_();_nop_();
  17   2              _nop_();_nop_();_nop_();_nop_();_nop_();                
  18   2          }
  19   1          while(n--);         
  20   1      }
  21          
  22          //
  23          void I2CStart(void)
  24          {
  25   1          sda = 1;
  26   1          scl = 1;
  27   1              I2C_Delay(DELAY_TIME);
  28   1          sda = 0;
  29   1              I2C_Delay(DELAY_TIME);
  30   1          scl = 0;    
  31   1      }
  32          
  33          //
  34          void I2CStop(void)
  35          {
  36   1          sda = 0;
  37   1          scl = 1;
  38   1              I2C_Delay(DELAY_TIME);
  39   1          sda = 1;
  40   1              I2C_Delay(DELAY_TIME);
  41   1      }
  42          
  43          //
  44          void I2CSendByte(unsigned char byt)
  45          {
  46   1          unsigned char i;
  47   1              
  48   1          for(i=0; i<8; i++){
  49   2              scl = 0;
  50   2                      I2C_Delay(DELAY_TIME);
  51   2              if(byt & 0x80){
  52   3                  sda = 1;
  53   3              }
C51 COMPILER V9.56.0.0   IIC                                                               05/31/2024 17:17:41 PAGE 2   

  54   2              else{
  55   3                  sda = 0;
  56   3              }
  57   2                      I2C_Delay(DELAY_TIME);
  58   2              scl = 1;
  59   2              byt <<= 1;
  60   2                      I2C_Delay(DELAY_TIME);
  61   2          }
  62   1              
  63   1          scl = 0;  
  64   1      }
  65          
  66          //
  67          unsigned char I2CReceiveByte(void)
  68          {
  69   1              unsigned char da;
  70   1              unsigned char i;
  71   1              for(i=0;i<8;i++){   
  72   2                      scl = 1;
  73   2                      I2C_Delay(DELAY_TIME);
  74   2                      da <<= 1;
  75   2                      if(sda) 
  76   2                              da |= 0x01;
  77   2                      scl = 0;
  78   2                      I2C_Delay(DELAY_TIME);
  79   2              }
  80   1              return da;    
  81   1      }
  82          
  83          //
  84          unsigned char I2CWaitAck(void)
  85          {
  86   1              unsigned char ackbit;
  87   1              
  88   1          scl = 1;
  89   1              I2C_Delay(DELAY_TIME);
  90   1          ackbit = sda; 
  91   1          scl = 0;
  92   1              I2C_Delay(DELAY_TIME);
  93   1              
  94   1              return ackbit;
  95   1      }
  96          
  97          //
  98          void I2CSendAck(unsigned char ackbit)
  99          {
 100   1          scl = 0;
 101   1          sda = ackbit; 
 102   1              I2C_Delay(DELAY_TIME);
 103   1          scl = 1;
 104   1              I2C_Delay(DELAY_TIME);
 105   1          scl = 0; 
 106   1              sda = 1;
 107   1              I2C_Delay(DELAY_TIME);
 108   1      }
 109          
 110          void write_AT(unsigned char addr,unsigned char dat)//addr表示dat要存入字节地址，dat表示要存
             -的数据
 111          {
 112   1              I2CStart();
 113   1              I2CSendByte(0xa0);
 114   1              I2CWaitAck();
C51 COMPILER V9.56.0.0   IIC                                                               05/31/2024 17:17:41 PAGE 3   

 115   1              I2CSendByte(addr);//若addr=0x02,dat=12,表示将12存入地址为2的存储单元
 116   1              I2CWaitAck();
 117   1              I2CSendByte(dat);
 118   1              I2CWaitAck();
 119   1              I2CStop();
 120   1      }
 121          unsigned char read_AT(unsigned char addr)//addr表示从哪个地址读取数据
 122          {
 123   1              unsigned char temp;
 124   1              I2CStart();
 125   1              I2CSendByte(0xa0);
 126   1              I2CWaitAck();
 127   1              I2CSendByte(addr);
 128   1              I2CWaitAck();
 129   1              
 130   1              I2CStart();
 131   1              I2CSendByte(0xa1);
 132   1              I2CWaitAck();
 133   1              temp=I2CReceiveByte();
 134   1              I2CSendAck(1);
 135   1              I2CStop();
 136   1              return temp;
 137   1      }
 138          
 139          void write_PCF(unsigned char dat)//dat的范围为0-255，输出后用万用表测量得到电压0-5v的
             -据
 140          {
 141   1              I2CStart();
 142   1              I2CSendByte(0x90);
 143   1              I2CWaitAck();
 144   1              I2CSendByte(0x40);
 145   1              I2CWaitAck();
 146   1              I2CSendByte(dat);
 147   1              I2CWaitAck();
 148   1              I2CStop();
 149   1      }
 150          unsigned char read_PCF(unsigned char ctrl_byte)//ctrl_byte是控制字，0x01表示读取光敏电阻分
             -，0x03表示读取滑动电阻分压
 151          {
 152   1              unsigned char temp;
 153   1              I2CStart();
 154   1              I2CSendByte(0x90);
 155   1              I2CWaitAck();
 156   1              I2CSendByte(ctrl_byte);
 157   1              I2CWaitAck();
 158   1              
 159   1              I2CStart();
 160   1              I2CSendByte(0x91);
 161   1              I2CWaitAck();
 162   1              temp=I2CReceiveByte();//读取到的数据是0-255，如需转化成0-5v则要另行操作。注意，读
             -取有延迟即每次读取到的是前一次的数据
 163   1              I2CSendAck(1);
 164   1              I2CStop();
 165   1              return temp;
 166   1      }


MODULE INFORMATION:   STATIC OVERLAYABLE
   CODE SIZE        =    281    ----
   CONSTANT SIZE    =   ----    ----
   XDATA SIZE       =   ----    ----
   PDATA SIZE       =   ----    ----
C51 COMPILER V9.56.0.0   IIC                                                               05/31/2024 17:17:41 PAGE 4   

   DATA SIZE        =   ----    ----
   IDATA SIZE       =   ----    ----
   BIT SIZE         =   ----    ----
END OF MODULE INFORMATION.


C51 COMPILATION COMPLETE.  0 WARNING(S),  0 ERROR(S)
