C51 COMPILER V9.56.0.0   MAIN                                                              05/31/2024 18:42:42 PAGE 1   


C51 COMPILER V9.56.0.0, COMPILATION OF MODULE MAIN
OBJECT MODULE PLACED IN .\Objects\main.obj
COMPILER INVOKED BY: C:\Keil_c51v956\C51\BIN\C51.EXE main.c OPTIMIZE(8,SPEED) BROWSE DEBUG OBJECTEXTEND PRINT(.\Listings
                    -\main.lst) OBJECT(.\Objects\main.obj)

line level    source

   1          #include <STC15F2K60S2.H>
   2          #include <iic.h>
   3          #include <onewire.h>
   4          #include <ds1302.h>
   5          #include <intrins.h>
   6          sbit TX=P1^0;//TX=1发送超声波
   7          sbit RX=P1^1;//RX=0收到超声波
   8          sbit S4=P3^3;
   9          unsigned char code SMG_number[]=
  10                  {0xc0,0xf9,0xa4,0xb0,0x99,0x92,0x82,0xf8,0x80,0x90,0x88,0x80,0xc6,
  11                  0xc0,0x86,0x8e,0xbf,0x7f};//数码管段码，0-f和-.
  12          unsigned char code SMG_Dotnumber[]={0x40,0x79,0x24,0x30,0x19,0x12,0x02,0x78,0x00,0x10}; 
  13          
  14          unsigned char mode=1;//1-时间，2-温度，3-电压，4-距离，5-频率，6-eeprom读取值
  15          unsigned int temper;//温度
  16          unsigned int v;//分压
  17          unsigned int distance=0;//距离
  18          unsigned int dat_f=0;//频率
  19          unsigned int count_f=0;//频率计数
  20          unsigned int count_t1=0;//频率计时
  21          unsigned char e2promDat=1;//读取eeprom中的值
  22          unsigned char is_ceju=0;
  23          
  24          
  25          
  26          void HC(unsigned char channel);
  27          void InitSys();
  28          void displaySMG(unsigned char pos,unsigned char value);
  29          void delay(unsigned int t);
  30          void offSMG();
  31          void showSMG();
  32          void scanKey();
  33          void getData();//读取各种数据的函数
  34          unsigned int read_Dis();//测距函数
  35          void InitTimer();
  36          void main()
  37          {
  38   1              InitSys();
  39   1              InitTimer();
  40   1              write_time();//时间初始化
  41   1              write_AT(0x01,126);//将126写入eeprom中1号地址
  42   1              while(1)
  43   1              {
  44   2                      getData();
  45   2                      scanKey();
  46   2              }
  47   1      }
  48          void InitTimer()
  49          {
  50   1              TMOD=0x16;//定时器0为频率计数，定时器1为16为非重装载
  51   1              
  52   1              TL0=0xff;
  53   1              TH0=0xff;
  54   1              TL1=(65535-50000+1)%256;
C51 COMPILER V9.56.0.0   MAIN                                                              05/31/2024 18:42:42 PAGE 2   

  55   1              TH1=(65535-50000+1)/256;
  56   1              
  57   1              TR0=1;
  58   1              ET0=1;
  59   1              TR1=1;
  60   1              ET1=1;
  61   1              EA=1;
  62   1      }
  63          void serviceT0() interrupt 1
  64          {
  65   1              count_f++;
  66   1      }
  67          void serviceT1() interrupt 3
  68          {
  69   1              TL1=(65535-50000+1)%256;
  70   1              TH1=(65535-50000+1)/256;
  71   1              count_t1++;
  72   1              
  73   1              if(count_t1==20)
  74   1              {
  75   2                      dat_f=count_f;
  76   2                      count_f=0;
  77   2                      count_t1=0;
  78   2                      is_ceju=1;
  79   2              }
  80   1      }
  81          void getData()
  82          {
  83   1              read_time();//读取时间
  84   1              temper=read_temp();//读取温度
  85   1              v=(read_PCF(0x03)*10)/51;//读取滑动变阻器分压,扩大10倍相当于保留1为小数
  86   1              if(is_ceju==1)//每秒测一次距离
  87   1              {
  88   2                      is_ceju=0;
  89   2                      distance=read_Dis();
  90   2              }  
  91   1              e2promDat=read_AT(0x01);//读取eeprom中1号单元的值
  92   1              showSMG();
  93   1      }
  94          void HC(unsigned char channel)
  95          {
  96   1              switch(channel)
  97   1              {
  98   2                      case 4:
  99   2                              P2=(P2&0x1f)|0x80;
 100   2                              break;
 101   2                      case 5:
 102   2                              P2=(P2&0x1f)|0xa0;
 103   2                              break;
 104   2                      case 6:
 105   2                              P2=(P2&0x1f)|0xc0;
 106   2                              break;
 107   2                      case 7:
 108   2                              P2=(P2&0x1f)|0xe0;
 109   2                              break;
 110   2              }
 111   1      }
 112          void InitSys()
 113          {
 114   1              HC(5);
 115   1              P0=0x00;
 116   1              HC(4);
C51 COMPILER V9.56.0.0   MAIN                                                              05/31/2024 18:42:42 PAGE 3   

 117   1              P0=0xff;
 118   1      }
 119          void delay(unsigned int t)
 120          {
 121   1              while(t--);
 122   1      }
 123          void offSMG()
 124          {
 125   1              HC(6);
 126   1              P0=0x00;
 127   1              HC(7);
 128   1              P0=0xff;
 129   1      }
 130          void displaySMG(unsigned char pos,unsigned char value)
 131          {
 132   1              HC(6);
 133   1              P0=0x01<<pos;
 134   1              HC(7);
 135   1              P0=value;
 136   1              delay(500);
 137   1              offSMG();
 138   1      }
 139          
 140          void showSMG()//1-时间，2-温度，3-电压，4-距离，5-频率，6-eeprom读取值
 141          {
 142   1              if(mode!=1)
 143   1              {
 144   2                      displaySMG(0,SMG_number[15]);
 145   2                      displaySMG(1,SMG_number[mode]);
 146   2              }
 147   1      
 148   1              if(mode==1)
 149   1              {
 150   2                      displaySMG(0,SMG_number[Timer[2]/16]);
 151   2                      displaySMG(1,SMG_number[Timer[2]%16]);
 152   2                      
 153   2                      displaySMG(2,SMG_number[16]);
 154   2                      displaySMG(3,SMG_number[Timer[1]/16]);
 155   2                      displaySMG(4,SMG_number[Timer[1]%16]);
 156   2                      
 157   2                      displaySMG(5,SMG_number[16]);
 158   2                      displaySMG(6,SMG_number[Timer[0]/16]);
 159   2                      displaySMG(7,SMG_number[Timer[0]%16]);
 160   2              }
 161   1              else if(mode==2)
 162   1              {
 163   2                      displaySMG(5,SMG_number[temper/100]);
 164   2                      displaySMG(6,SMG_Dotnumber[(temper%100)/10]);
 165   2                      displaySMG(7,SMG_number[temper%10]);
 166   2              }
 167   1              else if(mode==3)
 168   1              {
 169   2                      displaySMG(6,SMG_Dotnumber[v/10]);
 170   2                      displaySMG(7,SMG_number[v%10]);
 171   2              }
 172   1              else if(mode==4)
 173   1              {
 174   2                      displaySMG(5,SMG_number[distance/100]);
 175   2                      displaySMG(6,SMG_number[(distance%100)/10]);
 176   2                      displaySMG(7,SMG_number[distance%10]);
 177   2              }
 178   1              else if(mode==5)
C51 COMPILER V9.56.0.0   MAIN                                                              05/31/2024 18:42:42 PAGE 4   

 179   1              {
 180   2                      if(dat_f>9999)
 181   2                      {
 182   3                              displaySMG(3,SMG_number[dat_f/10000]);
 183   3                      }
 184   2                      if(dat_f>999)
 185   2                      {
 186   3                              displaySMG(4,SMG_number[(dat_f%10000)/1000]);
 187   3                      }
 188   2                      if(dat_f>99)
 189   2                      {
 190   3                              displaySMG(5,SMG_number[(dat_f%1000)/100]);
 191   3                      }
 192   2                      if(dat_f>9)
 193   2                      {
 194   3                              displaySMG(6,SMG_number[(dat_f%100)/10]);
 195   3                      }
 196   2                      displaySMG(7,SMG_number[dat_f%10]);
 197   2              }
 198   1              else if(mode==6)
 199   1              {
 200   2                      displaySMG(5,SMG_number[e2promDat/100]);
 201   2                      displaySMG(6,SMG_number[(e2promDat%100)/10]);
 202   2                      displaySMG(7,SMG_number[e2promDat%10]);
 203   2              }
 204   1      }
 205          void scanKey()
 206          {
 207   1              if(S4==0)
 208   1              {
 209   2                      delay(100);
 210   2                      if(S4==0)
 211   2                      {
 212   3                              while(S4==0);
 213   3                              {
 214   4                                      getData();
 215   4                              }
 216   3                              if(mode==6)
 217   3                              {
 218   4                                      mode=1;
 219   4                              }
 220   3                              else
 221   3                              {
 222   4                                      mode++;
 223   4                              }
 224   3                      }
 225   2              }
 226   1      }
 227          unsigned int read_Dis()
 228          {
 229   1              unsigned char num=10;
 230   1              unsigned int utime;
 231   1              unsigned int dis;
 232   1              TX=0;
 233   1              CL=0xf3;//13us
 234   1              CH=0xff;
 235   1              CR=1;//开始计时
 236   1              while(num--)
 237   1              {
 238   2                      while(CF==0);
 239   2                      TX^=1;
 240   2                      CL=0xf3;
C51 COMPILER V9.56.0.0   MAIN                                                              05/31/2024 18:42:42 PAGE 5   

 241   2                      CH=0xff;
 242   2                      CF=0;
 243   2              }
 244   1              CR=0;
 245   1              CL=0;
 246   1              CH=0;
 247   1              CR=1;
 248   1              while(RX&&(!CF));//RX=0表示收到数据
 249   1              CR=0;
 250   1              if(CF==1)
 251   1              {
 252   2                      CF=0;
 253   2                      dis=255;
 254   2              }
 255   1              else
 256   1              {
 257   2                      utime=(CH<<8)+CL;
 258   2                      dis=utime*0.017;
 259   2              }
 260   1              return dis;
 261   1      }


MODULE INFORMATION:   STATIC OVERLAYABLE
   CODE SIZE        =   1050    ----
   CONSTANT SIZE    =     28    ----
   XDATA SIZE       =   ----    ----
   PDATA SIZE       =   ----    ----
   DATA SIZE        =     15    ----
   IDATA SIZE       =   ----    ----
   BIT SIZE         =   ----    ----
END OF MODULE INFORMATION.


C51 COMPILATION COMPLETE.  0 WARNING(S),  0 ERROR(S)
