C51 COMPILER V9.56.0.0   ONEWIRE                                                           05/31/2024 17:18:48 PAGE 1   


C51 COMPILER V9.56.0.0, COMPILATION OF MODULE ONEWIRE
OBJECT MODULE PLACED IN .\Objects\onewire.obj
COMPILER INVOKED BY: C:\Keil_c51v956\C51\BIN\C51.EXE onewire.c OPTIMIZE(8,SPEED) BROWSE DEBUG OBJECTEXTEND PRINT(.\Listi
                    -ngs\onewire.lst) OBJECT(.\Objects\onewire.obj)

line level    source

   1          /*      #       å•æ€»çº¿ä»£ç ç‰‡æ®µè¯´æ˜
   2                  1.      æœ¬æ–‡ä»¶å¤¹ä¸­æä¾›çš„é©±åŠ¨ä»£ç ä¾›å‚èµ›é€‰æ‰‹å®Œæˆç¨‹åºè®¾è®¡å‚è€ƒã€‚
   3                  2.      å‚èµ›é€‰æ‰‹å¯ä»¥è‡ªè¡Œç¼–å†™ç›¸å…³ä»£ç æˆ–ä»¥è¯¥ä»£ç ä¸ºåŸºç¡€ï¼Œæ ¹æ®æ‰€é€‰å•ç‰‡æœºç±»å‹ã€è¿
             -è¡Œé€Ÿåº¦å’Œè¯•é¢˜
   4                          ä¸­å¯¹å•ç‰‡æœºæ—¶é’Ÿé¢‘ç‡çš„è¦æ±‚ï¼Œè¿›è¡Œä»£ç è°ƒè¯•å’Œä¿®æ”¹ã€‚
   5          */
   6          #include <STC15F2K60S2.H>
   7          #include <onewire.h>
   8          //
   9          void Delay_OneWire(unsigned int t)  
  10          {
  11   1              unsigned char i;
  12   1              while(t--){
  13   2                      for(i=0;i<12;i++);
  14   2              }
  15   1      }
  16          
  17          //
  18          void Write_DS18B20(unsigned char dat)
  19          {
  20   1              unsigned char i;
  21   1              for(i=0;i<8;i++)
  22   1              {
  23   2                      DQ = 0;
  24   2                      DQ = dat&0x01;
  25   2                      Delay_OneWire(5);
  26   2                      DQ = 1;
  27   2                      dat >>= 1;
  28   2              }
  29   1              Delay_OneWire(5);
  30   1      }
  31          
  32          //
  33          unsigned char Read_DS18B20(void)
  34          {
  35   1              unsigned char i;
  36   1              unsigned char dat;
  37   1        
  38   1              for(i=0;i<8;i++)
  39   1              {
  40   2                      DQ = 0;
  41   2                      dat >>= 1;
  42   2                      DQ = 1;
  43   2                      if(DQ)
  44   2                      {
  45   3                              dat |= 0x80;
  46   3                      }           
  47   2                      Delay_OneWire(5);
  48   2              }
  49   1              return dat;
  50   1      }
  51          
  52          //
  53          bit init_ds18b20(void)
C51 COMPILER V9.56.0.0   ONEWIRE                                                           05/31/2024 17:18:48 PAGE 2   

  54          {
  55   1              bit initflag = 0;
  56   1              
  57   1              DQ = 1;
  58   1              Delay_OneWire(12);
  59   1              DQ = 0;
  60   1              Delay_OneWire(80);
  61   1              DQ = 1;
  62   1              Delay_OneWire(10); 
  63   1          initflag = DQ;     
  64   1              Delay_OneWire(5);
  65   1        
  66   1              return initflag;
  67   1      }
  68          
  69          unsigned int  read_temp()
  70          {
  71   1              unsigned char LSB,MSB;
  72   1              unsigned int temp;
  73   1              init_ds18b20();
  74   1              Write_DS18B20(0xcc);
  75   1              Write_DS18B20(0x44);
  76   1              
  77   1              init_ds18b20();
  78   1              Write_DS18B20(0xcc);
  79   1              Write_DS18B20(0xbe);
  80   1              LSB=Read_DS18B20();//ç¬¬ä¸€æ¬¡è¯»å–ä½8ä½ï¼›ä½å››ä½ä¸ºå°æ•°ä½
  81   1              MSB=Read_DS18B20();//ç¬¬äºŒæ¬¡è¯»å–é«˜å…«ä½ï¼›é«˜5ä½ä¸ºç¬¦å·ä½
  82   1              
  83   1              temp=(MSB<<8)+LSB;
  84   1              if((MSB&0xf8)==0x00)//é«˜5ä½ä¸ºç¬¦å·ä½,è¿™é‡Œåˆ¤æ–­æ˜¯å¦ä¸ºæ­£
  85   1              {
  86   2                      temp=temp>>4;//åªå‰©ä¸‹æ•´æ•°å’Œç¬¦å·ä½
  87   2                      temp=(temp*10)+(LSB&0x0f)*0.625;//æ‰©å¤§10å€ï¼Œç›¸å½“äºä¿ç•™ä¸€ä½å°æ•°
  88   2                      return temp;
  89   2              }
  90   1      }
*** WARNING C291 IN LINE 90 OF onewire.c: not every exit path returns a value


MODULE INFORMATION:   STATIC OVERLAYABLE
   CODE SIZE        =    257    ----
   CONSTANT SIZE    =   ----    ----
   XDATA SIZE       =   ----    ----
   PDATA SIZE       =   ----    ----
   DATA SIZE        =   ----       2
   IDATA SIZE       =   ----    ----
   BIT SIZE         =   ----       1
END OF MODULE INFORMATION.


C51 COMPILATION COMPLETE.  1 WARNING(S),  0 ERROR(S)
