C51 COMPILER V9.56.0.0   DS1302                                                            05/22/2024 22:41:35 PAGE 1   


C51 COMPILER V9.56.0.0, COMPILATION OF MODULE DS1302
OBJECT MODULE PLACED IN .\Objects\ds1302.obj
COMPILER INVOKED BY: C:\Keil_c51v956\C51\BIN\C51.EXE ds1302.c OPTIMIZE(8,SPEED) BROWSE DEBUG OBJECTEXTEND PRINT(.\Listin
                    -gs\ds1302.lst) OBJECT(.\Objects\ds1302.obj)

line level    source

   1          /*      #       DS1302ä»£ç ç‰‡æ®µè¯´æ˜
   2                  1.      æœ¬æ–‡ä»¶å¤¹ä¸­æä¾›çš„é©±åŠ¨ä»£ç ä¾›å‚èµ›é€‰æ‰‹å®Œæˆç¨‹åºè®¾è®¡å‚è€ƒã€‚
   3                  2.      å‚èµ›é€‰æ‰‹å¯ä»¥è‡ªè¡Œç¼–å†™ç›¸å…³ä»£ç æˆ–ä»¥è¯¥ä»£ç ä¸ºåŸºç¡€ï¼Œæ ¹æ®æ‰€é€‰å•ç‰‡æœºç±»å‹ã€è¿
             -è¡Œé€Ÿåº¦å’Œè¯•é¢˜
   4                          ä¸­å¯¹å•ç‰‡æœºæ—¶é’Ÿé¢‘ç‡çš„è¦æ±‚ï¼Œè¿›è¡Œä»£ç è°ƒè¯•å’Œä¿®æ”¹ã€‚
   5          */                                                              
   6          
   7          //
   8          void Write_Ds1302(unsigned  char temp) 
   9          {
  10   1              unsigned char i;
  11   1              for (i=0;i<8;i++)       
  12   1              { 
  13   2                      SCK = 0;
*** ERROR C202 IN LINE 13 OF ds1302.c: 'SCK': undefined identifier
  14   2                      SDA = temp&0x01;
*** ERROR C202 IN LINE 14 OF ds1302.c: 'SDA': undefined identifier
  15   2                      temp>>=1; 
  16   2                      SCK=1;
*** ERROR C202 IN LINE 16 OF ds1302.c: 'SCK': undefined identifier
  17   2              }
  18   1      }   
  19          
  20          //
  21          void Write_Ds1302_Byte( unsigned char address,unsigned char dat )     
  22          {
  23   1              RST=0;  _nop_();
*** ERROR C202 IN LINE 23 OF ds1302.c: 'RST': undefined identifier
  24   1              SCK=0;  _nop_();
  25   1              RST=1;  _nop_();  
  26   1              Write_Ds1302(address);  
  27   1              Write_Ds1302(dat);              
  28   1              RST=0; 
  29   1      }
  30          
  31          //
  32          unsigned char Read_Ds1302_Byte ( unsigned char address )
  33          {
  34   1              unsigned char i,temp=0x00;
  35   1              RST=0;  _nop_();
  36   1              SCK=0;  _nop_();
  37   1              RST=1;  _nop_();
  38   1              Write_Ds1302(address);
  39   1              for (i=0;i<8;i++)       
  40   1              {               
  41   2                      SCK=0;
  42   2                      temp>>=1;       
  43   2                      if(SDA)
  44   2                      temp|=0x80;     
  45   2                      SCK=1;
  46   2              } 
  47   1              RST=0;  _nop_();
  48   1              SCK=0;  _nop_();
  49   1              SCK=1;  _nop_();
C51 COMPILER V9.56.0.0   DS1302                                                            05/22/2024 22:41:35 PAGE 2   

  50   1              SDA=0;  _nop_();
  51   1              SDA=1;  _nop_();
  52   1              return (temp);                  
  53   1      }

C51 COMPILATION COMPLETE.  0 WARNING(S),  4 ERROR(S)
