C51 COMPILER V9.56.0.0   ONEWIRE                                                           05/22/2024 22:41:35 PAGE 1   


C51 COMPILER V9.56.0.0, COMPILATION OF MODULE ONEWIRE
OBJECT MODULE PLACED IN .\Objects\onewire.obj
COMPILER INVOKED BY: C:\Keil_c51v956\C51\BIN\C51.EXE onewire.c OPTIMIZE(8,SPEED) BROWSE DEBUG OBJECTEXTEND PRINT(.\Listi
                    -ngs\onewire.lst) OBJECT(.\Objects\onewire.obj)

line level    source

   1          /*      #       å•æ€»çº¿ä»£ç ç‰‡æ®µè¯´æ˜
   2                  1.      æœ¬æ–‡ä»¶å¤¹ä¸­æä¾›çš„é©±åŠ¨ä»£ç ä¾›å‚èµ›é€‰æ‰‹å®Œæˆç¨‹åºè®¾è®¡å‚è€ƒã€‚
   3                  2.      å‚èµ›é€‰æ‰‹å¯ä»¥è‡ªè¡Œç¼–å†™ç›¸å…³ä»£ç æˆ–ä»¥è¯¥ä»£ç ä¸ºåŸºç¡€ï¼Œæ ¹æ®æ‰€é€‰å•ç‰‡æœºç±»å‹ã€è¿
             -è¡Œé€Ÿåº¦å’Œè¯•é¢˜
   4                          ä¸­å¯¹å•ç‰‡æœºæ—¶é’Ÿé¢‘ç‡çš„è¦æ±‚ï¼Œè¿›è¡Œä»£ç è°ƒè¯•å’Œä¿®æ”¹ã€‚
   5          */
   6          #include <STC15F2K60S2.H>
   7          #include <onewire.h>
   8          
   9          //
  10          void Delay_OneWire(unsigned int t)  
  11          {
  12   1              unsigned char i;
  13   1              while(t--){
  14   2                      for(i=0;i<12;i++);
  15   2              }
  16   1      }
  17          
  18          //
  19          void Write_DS18B20(unsigned char dat)
  20          {
  21   1              unsigned char i;
  22   1              for(i=0;i<8;i++)
  23   1              {
  24   2                      DQ = 0;
  25   2                      DQ = dat&0x01;
  26   2                      Delay_OneWire(5);
  27   2                      DQ = 1;
  28   2                      dat >>= 1;
  29   2              }
  30   1              Delay_OneWire(5);
  31   1      }
  32          
  33          //
  34          unsigned char Read_DS18B20(void)
  35          {
  36   1              unsigned char i;
  37   1              unsigned char dat;
  38   1        
  39   1              for(i=0;i<8;i++)
  40   1              {
  41   2                      DQ = 0;
  42   2                      dat >>= 1;
  43   2                      DQ = 1;
  44   2                      if(DQ)
  45   2                      {
  46   3                              dat |= 0x80;
  47   3                      }           
  48   2                      Delay_OneWire(5);
  49   2              }
  50   1              return dat;
  51   1      }
  52          
  53          //
C51 COMPILER V9.56.0.0   ONEWIRE                                                           05/22/2024 22:41:35 PAGE 2   

  54          bit init_ds18b20(void)
  55          {
  56   1              bit initflag = 0;
  57   1              
  58   1              DQ = 1;
  59   1              Delay_OneWire(12);
  60   1              DQ = 0;
  61   1              Delay_OneWire(80);
  62   1              DQ = 1;
  63   1              Delay_OneWire(10); 
  64   1          initflag = DQ;     
  65   1              Delay_OneWire(5);
  66   1        
  67   1              return initflag;
  68   1      }
  69          
  70          unsigned int read_temp()
  71          {
  72   1              unsigned char LSB,MSB;
  73   1              unsigned int temp;
  74   1              init_ds18b20();//å¤ä½
  75   1              Write_DS18B20(0xcc);//è·³è¿‡ROM
  76   1              Write_DS18B20(0x44);//å¼€å§‹è½¬åŒ–
  77   1              
  78   1              init_ds18b20();//å¤ä½
  79   1              Write_DS18B20(0xcc);//è·³è¿‡ROM
  80   1              Write_DS18B20(0xbe);//å¼€å§‹è¯»å–
  81   1              LSB=Read_DS18B20();//æ¥æ”¶ä½å…«ä½ï¼Œå°æ•°ç‚¹åå››ä½
  82   1              MSB=Read_DS18B20();//æ¥æ”¶é«˜å…«ä½
  83   1              
  84   1              temp=MSB;
  85   1              temp=temp<<8;
  86   1              temp=temp|LSB;
  87   1              if((temp&0xf800)==0x0000)
  88   1              {
  89   2                      temp=temp>>4;
  90   2                      temp=(temp*10)+(LSB&0x0f)*0.625;
  91   2                      return temp;
  92   2              }
  93   1              
  94   1      }
*** WARNING C291 IN LINE 94 OF onewire.c: not every exit path returns a value


MODULE INFORMATION:   STATIC OVERLAYABLE
   CODE SIZE        =    258    ----
   CONSTANT SIZE    =   ----    ----
   XDATA SIZE       =   ----    ----
   PDATA SIZE       =   ----    ----
   DATA SIZE        =   ----       2
   IDATA SIZE       =   ----    ----
   BIT SIZE         =   ----       1
END OF MODULE INFORMATION.


C51 COMPILATION COMPLETE.  1 WARNING(S),  0 ERROR(S)
