C51 COMPILER V9.56.0.0   ONEWIRE                                                           04/11/2024 19:55:01 PAGE 1   


C51 COMPILER V9.56.0.0, COMPILATION OF MODULE ONEWIRE
OBJECT MODULE PLACED IN .\Objects\onewire.obj
COMPILER INVOKED BY: C:\Keil_c51v956\C51\BIN\C51.EXE onewire.c OPTIMIZE(8,SPEED) BROWSE DEBUG OBJECTEXTEND PRINT(.\Listi
                    -ngs\onewire.lst) OBJECT(.\Objects\onewire.obj)

line level    source

   1          /*      #       å•æ€»çº¿ä»£ç ç‰‡æ®µè¯´æ˜
   2                  1.      æœ¬æ–‡ä»¶å¤¹ä¸­æä¾›çš„é©±åŠ¨ä»£ç ä¾›å‚èµ›é€‰æ‰‹å®Œæˆç¨‹åºè®¾è®¡å‚è€ƒã€‚
   3                  2.      å‚èµ›é€‰æ‰‹å¯ä»¥è‡ªè¡Œç¼–å†™ç›¸å…³ä»£ç æˆ–ä»¥è¯¥ä»£ç ä¸ºåŸºç¡€ï¼Œæ ¹æ®æ‰€é€‰å•ç‰‡æœºç±»å‹ã€è¿
             -è¡Œé€Ÿåº¦å’Œè¯•é¢˜
   4                          ä¸­å¯¹å•ç‰‡æœºæ—¶é’Ÿé¢‘ç‡çš„è¦æ±‚ï¼Œè¿›è¡Œä»£ç è°ƒè¯•å’Œä¿®æ”¹ã€‚
   5          */
   6          #include <intrins.h>
   7          #include <onewire.h>
   8          #include <STC15F2K60S2.H>
   9          
  10          sbit DQ=P1^4;
  11          //
  12          void Delay_OneWire(unsigned int t)  
  13          {
  14   1              unsigned char i;
  15   1              while(t--){
  16   2                      for(i=0;i<12;i++);
  17   2              }
  18   1      }
  19          
  20          //
  21          void Write_DS18B20(unsigned char dat)
  22          {
  23   1              unsigned char i;
  24   1              for(i=0;i<8;i++)
  25   1              {
  26   2                      DQ = 0;
  27   2                      DQ = dat&0x01;
  28   2                      Delay_OneWire(5);
  29   2                      DQ = 1;
  30   2                      dat >>= 1;
  31   2              }
  32   1              Delay_OneWire(5);
  33   1      }
  34          
  35          //
  36          unsigned char Read_DS18B20(void)
  37          {
  38   1              unsigned char i;
  39   1              unsigned char dat;
  40   1        
  41   1              for(i=0;i<8;i++)
  42   1              {
  43   2                      DQ = 0;
  44   2                      dat >>= 1;
  45   2                      DQ = 1;
  46   2                      if(DQ)
  47   2                      {
  48   3                              dat |= 0x80;
  49   3                      }           
  50   2                      Delay_OneWire(5);
  51   2              }
  52   1              return dat;
  53   1      }
C51 COMPILER V9.56.0.0   ONEWIRE                                                           04/11/2024 19:55:01 PAGE 2   

  54          
  55          //
  56          bit init_ds18b20(void)
  57          {
  58   1              bit initflag = 0;
  59   1              
  60   1              DQ = 1;
  61   1              Delay_OneWire(12);
  62   1              DQ = 0;
  63   1              Delay_OneWire(80);
  64   1              DQ = 1;
  65   1              Delay_OneWire(10); 
  66   1          initflag = DQ;     
  67   1              Delay_OneWire(5);
  68   1        
  69   1              return initflag;
  70   1      }
  71          
  72          unsigned char read_Temp()
  73          {
  74   1              unsigned char temp1;
  75   1              unsigned int temp;
  76   1              unsigned char LSB;
  77   1              unsigned char MSB;
  78   1              init_ds18b20();
  79   1              Write_DS18B20(0xcc);
  80   1              Write_DS18B20(0x44);
  81   1              
  82   1              init_ds18b20();
  83   1              Write_DS18B20(0xcc);
  84   1              Write_DS18B20(0xbe);
  85   1              LSB=Read_DS18B20();
  86   1              MSB=Read_DS18B20();
  87   1              temp=MSB;
  88   1              temp=temp<<8;
  89   1              temp=temp|LSB;
  90   1              if((temp&0xf800)==0x0000)
  91   1              {
  92   2                      temp=temp>>4;
  93   2                      temp=temp*10;
  94   2                      temp=temp+(LSB&0x0f)*0.625;
  95   2                      temp=temp/10;
  96   2                      temp1=temp;
  97   2                      return temp1;
  98   2              }
  99   1              
 100   1      }
*** WARNING C291 IN LINE 100 OF onewire.c: not every exit path returns a value


MODULE INFORMATION:   STATIC OVERLAYABLE
   CODE SIZE        =    272    ----
   CONSTANT SIZE    =   ----    ----
   XDATA SIZE       =   ----    ----
   PDATA SIZE       =   ----    ----
   DATA SIZE        =   ----       2
   IDATA SIZE       =   ----    ----
   BIT SIZE         =   ----       1
END OF MODULE INFORMATION.


C51 COMPILATION COMPLETE.  1 WARNING(S),  0 ERROR(S)
