C51 COMPILER V9.56.0.0   CSB                                                               05/16/2024 19:23:02 PAGE 1   


C51 COMPILER V9.56.0.0, COMPILATION OF MODULE CSB
OBJECT MODULE PLACED IN .\Objects\csb.obj
COMPILER INVOKED BY: C:\Keil_c51v956\C51\BIN\C51.EXE csb.c OPTIMIZE(8,SPEED) BROWSE DEBUG OBJECTEXTEND PRINT(.\Listings\
                    -csb.lst) OBJECT(.\Objects\csb.obj)

line level    source

   1          #include <STC15F2K60S2.H>
   2          #include <intrins.h>
   3          
   4          sbit TX=P1^0;
   5          sbit RX=P1^1;
   6          unsigned char code SMG_number[]=
   7                  {0xc0,0xf9,0xa4,0xb0,0x99,0x92,0x82,0xf8,
   8               0x80,0x90,0x88,0x83,0xc6,0xc0,0x86,0x8e,
   9                  0xbf,0x7f};//数码管段码，0-f和-.
  10          unsigned int distance=0;
  11          void InitSys();
  12          void HCselect(unsigned char channel);
  13          void displaySMG(unsigned char pos,unsigned char value);
  14          void showSMG();
  15          void delay(unsigned int t);
  16          void offSMG();
  17          unsigned char read_Dis();
  18          
  19          
  20          void main()
  21          {
  22   1              InitSys();
  23   1              while(1)
  24   1              {
  25   2                      distance=read_Dis();
  26   2                      showSMG();
  27   2              }
  28   1      }
  29          
  30          void HCselect(unsigned char channel)
  31          {
  32   1              switch(channel)
  33   1              {
  34   2                      case 4:
  35   2                              P2=(P2&0x1f)|0x80;
  36   2                              break;
  37   2                      case 5:
  38   2                              P2=(P2&0x1f)|0xa0;
  39   2                              break;
  40   2                      case 6:
  41   2                              P2=(P2&0x1f)|0xc0;
  42   2                              break;
  43   2                      case 7:
  44   2                              P2=(P2&0x1f)|0xe0;
  45   2                              break;
  46   2              }
  47   1      }
  48          void InitSys()
  49          {
  50   1              HCselect(5);
  51   1              P0=P0&0xaf;
  52   1              HCselect(4);
  53   1              P0=0xff;
  54   1      }
C51 COMPILER V9.56.0.0   CSB                                                               05/16/2024 19:23:02 PAGE 2   

  55          void displaySMG(unsigned char pos,unsigned char value)
  56          {
  57   1              HCselect(6);
  58   1              P0=(0x01<<pos);
  59   1              HCselect(7);
  60   1              P0=value;
  61   1      }
  62          void offSMG()
  63          {
  64   1              HCselect(6);
  65   1              P0=0x00;
  66   1              HCselect(7);
  67   1              P0=0xff;
  68   1      }
  69          void delay(unsigned int t)
  70          {
  71   1              while(t--);
  72   1      }
  73          void showSMG()
  74          {
  75   1              displaySMG(5,SMG_number[distance/100]);
  76   1              delay(500);
  77   1              offSMG();
  78   1              displaySMG(6,SMG_number[(distance/10)%10]);
  79   1              delay(500);
  80   1              offSMG();
  81   1              displaySMG(7,SMG_number[distance%10]);
  82   1              delay(500);
  83   1              offSMG();
  84   1      }
  85          unsigned char read_Dis()
  86          {
  87   1              unsigned char distance,num=10;
  88   1              TX=0;//TX=1发送超声波
  89   1              CL=0xf3;//设置定时初值
  90   1              CH=0xff;//设置定时初值
  91   1              CR=1;//PCA计时
  92   1              //TX引脚发射40KHz方波信号驱动超声波发送探头
  93   1              while(num--)
  94   1              {
  95   2                      while(!CF);//12us后CF=1，跳出循环
  96   2                      TX=~TX;
  97   2                      CL=0xf3;//设置定时初值
  98   2                      CH=0xff;
  99   2                      CF=0;
 100   2              }
 101   1              CR=0;
 102   1              CL=0;
 103   1              CH=0;
 104   1              CR=1;
 105   1              while(RX && (!CF));//等待收到脉冲
 106   1              CR=0;
 107   1              if(CF)//发生溢出
 108   1              {
 109   2                      CF=0;
 110   2                      distance=255;
 111   2              }
 112   1              else //计算距离
 113   1              {
 114   2                      distance=((CH<<8)+CL)*0.017;
 115   2              }
 116   1              return distance;
C51 COMPILER V9.56.0.0   CSB                                                               05/16/2024 19:23:02 PAGE 3   

 117   1      }


MODULE INFORMATION:   STATIC OVERLAYABLE
   CODE SIZE        =    339    ----
   CONSTANT SIZE    =     18    ----
   XDATA SIZE       =   ----    ----
   PDATA SIZE       =   ----    ----
   DATA SIZE        =      2    ----
   IDATA SIZE       =   ----    ----
   BIT SIZE         =   ----    ----
END OF MODULE INFORMATION.


C51 COMPILATION COMPLETE.  0 WARNING(S),  0 ERROR(S)
