C51 COMPILER V9.56.0.0   DS1302                                                            03/21/2024 21:30:36 PAGE 1   


C51 COMPILER V9.56.0.0, COMPILATION OF MODULE DS1302
OBJECT MODULE PLACED IN .\Objects\ds1302.obj
COMPILER INVOKED BY: C:\Keil_c51v956\C51\BIN\C51.EXE ds1302.c OPTIMIZE(8,SPEED) BROWSE DEBUG OBJECTEXTEND PRINT(.\Listin
                    -gs\ds1302.lst) OBJECT(.\Objects\ds1302.obj)

line level    source

   1          /*      #       DS1302代码片段说明
   2                  1.      本文件夹中提供的驱动代码供参赛选手完成程序设计参考。
   3                  2.      参赛选手可以自行编写相关代码或以该代码为基础，根据所选单片机类型、运行速度和试题
   4                          中对单片机时钟频率的要求，进行代码调试和修改。
   5          */                                                              
   6          #include "ds1302.h"
   7          //
   8          void Write_Ds1302(unsigned  char temp) 
   9          {
  10   1              unsigned char i;
  11   1              for (i=0;i<8;i++)       
  12   1              { 
  13   2                      SCK = 0;
  14   2                      SDA = temp&0x01;
  15   2                      temp>>=1; 
  16   2                      SCK=1;
  17   2              }
  18   1      }   
  19          
  20          //
  21          void Write_Ds1302_Byte( unsigned char address,unsigned char dat )     
  22          {
  23   1              RST=0;  _nop_();
  24   1              SCK=0;  _nop_();
  25   1              RST=1;  _nop_();  
  26   1              Write_Ds1302(address);  
  27   1              Write_Ds1302(dat);              
  28   1              RST=0; 
  29   1      }
  30          
  31          //
  32          unsigned char Read_Ds1302_Byte( unsigned char address )
  33          {
  34   1              unsigned char i,temp=0x00;
  35   1              RST=0;  _nop_();
  36   1              SCK=0;  _nop_();
  37   1              RST=1;  _nop_();
  38   1              Write_Ds1302(address);
  39   1              for (i=0;i<8;i++)       
  40   1              {               
  41   2                      SCK=0;
  42   2                      temp>>=1;       
  43   2                      if(SDA)
  44   2                      temp|=0x80;     
  45   2                      SCK=1;
  46   2              } 
  47   1              RST=0;  _nop_();
  48   1              SCK=0;  _nop_();
  49   1              SCK=1;  _nop_();
  50   1              SDA=0;  _nop_();
  51   1              SDA=1;  _nop_();
  52   1              return (temp);                  
  53   1      }

C51 COMPILER V9.56.0.0   DS1302                                                            03/21/2024 21:30:36 PAGE 2   


MODULE INFORMATION:   STATIC OVERLAYABLE
   CODE SIZE        =     91    ----
   CONSTANT SIZE    =   ----    ----
   XDATA SIZE       =   ----    ----
   PDATA SIZE       =   ----    ----
   DATA SIZE        =   ----    ----
   IDATA SIZE       =   ----    ----
   BIT SIZE         =   ----    ----
END OF MODULE INFORMATION.


C51 COMPILATION COMPLETE.  0 WARNING(S),  0 ERROR(S)
