C51 COMPILER V9.56.0.0   MATRIDKEY                                                         03/13/2024 23:41:46 PAGE 1   


C51 COMPILER V9.56.0.0, COMPILATION OF MODULE MATRIDKEY
OBJECT MODULE PLACED IN .\Objects\MatridKey.obj
COMPILER INVOKED BY: C:\Keil_c51v956\C51\BIN\C51.EXE MatridKey.c OPTIMIZE(8,SPEED) BROWSE DEBUG OBJECTEXTEND PRINT(.\Lis
                    -tings\MatridKey.lst) OBJECT(.\Objects\MatridKey.obj)

line level    source

   1          #include <STC15F2K60S2.H>
   2          
   3          sbit HC138_A=P2^5;
   4          sbit HC138_B=P2^6;
   5          sbit HC138_C=P2^7;
   6          
   7          sbit R1=P3^0;
   8          sbit R2=P3^1;
   9          sbit R3=P3^2;
  10          sbit R4=P3^3;
  11          
  12          sbit C1=P4^4;
  13          sbit C2=P4^2;
  14          sbit C3=P3^5;
  15          sbit C4=P3^4;
  16          
  17          unsigned int key=18;
  18          
  19          unsigned int code SMG_number[]=
  20                  {0xc0,0xf9,0xa4,0xb0,0x99,0x92,0x82,0xf8,
  21               0x80,0x90,0x88,0x83,0xc6,0xa1,0x86,0x8e,
  22                  0xbf,0x7f};
  23          void delay(unsigned int t)
  24          {
  25   1              while(t--);
  26   1      }
  27          void HC138_ctrl(unsigned int hc)
  28          {
  29   1              switch(hc)
  30   1              {
  31   2                      case 6:
  32   2                              HC138_C=1;
  33   2                              HC138_B=1;
  34   2                              HC138_A=0;
  35   2                              break;
  36   2                      case 7:
  37   2                              HC138_C=1;
  38   2                              HC138_B=1;
  39   2                              HC138_A=1;
  40   2                              break;
  41   2              }
  42   1      }
  43          void SMG_show(unsigned int number)
  44          {
  45   1              HC138_ctrl(6);
  46   1              P0=0x01;
  47   1              HC138_ctrl(7);
  48   1              if(number!=18)
  49   1              {
  50   2                      P0=SMG_number[number];
  51   2              }
  52   1              else
  53   1              {
  54   2                      P0=0xff;
C51 COMPILER V9.56.0.0   MATRIDKEY                                                         03/13/2024 23:41:46 PAGE 2   

  55   2              }
  56   1      }
  57          
  58          void Matri_Key()
  59          {
  60   1              R1=R2=R3=R4=0;
  61   1              C1=C2=C3=C4=1;
  62   1              if(C1==0)
  63   1              {
  64   2                      delay(100);
  65   2                      if(C1==0)
  66   2                      {
  67   3                              key=0;
  68   3                      }
  69   2              }
  70   1              else if(C2==0)
  71   1              {
  72   2                      delay(100);
  73   2                      if(C2==0)
  74   2                      {
  75   3                              key=1;
  76   3                      }
  77   2              }
  78   1              else if(C3==0)
  79   1              {
  80   2                      delay(100);
  81   2                      if(C3==0)
  82   2                      {
  83   3                              key=2;
  84   3                      }
  85   2              }
  86   1              else if(C4==0)
  87   1              {
  88   2                      delay(100);
  89   2                      if(C4==0)
  90   2                      {
  91   3                              key=3;
  92   3                      }
  93   2              }
  94   1              
  95   1              C1=C2=C3=C4=0;
  96   1              R1=R2=R3=R4=1;
  97   1              if(R1==0)
  98   1              {
  99   2                      delay(100);
 100   2                      if(R1==0)
 101   2                      {
 102   3                              key=key;
 103   3                      }
 104   2                      while(R1==0)
 105   2                      {
 106   3                              SMG_show(key);
 107   3                      }
 108   2                      key=18;
 109   2                      SMG_show(key);
 110   2      
 111   2              }
 112   1              else if(R2==0)
 113   1              {
 114   2                      delay(100);
 115   2                      if(R2==0)
 116   2                      {
C51 COMPILER V9.56.0.0   MATRIDKEY                                                         03/13/2024 23:41:46 PAGE 3   

 117   3                              key=key+4;
 118   3                      }
 119   2                      while(R2==0)
 120   2                      {
 121   3                              SMG_show(key);
 122   3                      }
 123   2                      key=18;
 124   2                      SMG_show(key);
 125   2      
 126   2              }
 127   1              else if(R3==0)
 128   1              {
 129   2                      delay(100);
 130   2                      if(R3==0)
 131   2                      {
 132   3                              key=key+8;
 133   3                      }
 134   2                      while(R3==0)
 135   2                      {
 136   3                              SMG_show(key);
 137   3                      }
 138   2                      key=18;
 139   2                      SMG_show(key);
 140   2      
 141   2              }
 142   1              else if(R4==0)
 143   1              {
 144   2                      delay(100);
 145   2                      if(R4==0)
 146   2                      {
 147   3                              key=key+12;
 148   3                      }
 149   2                      while(R4==0)
 150   2                      {
 151   3                              SMG_show(key);
 152   3                      }
 153   2                      key=18;
 154   2                      SMG_show(key);
 155   2      
 156   2              }
 157   1      
 158   1      }
 159          
 160          void main()
 161          {
 162   1              while(1)
 163   1              {
 164   2                      Matri_Key();
 165   2              }
 166   1      }
 167          


MODULE INFORMATION:   STATIC OVERLAYABLE
   CODE SIZE        =    309    ----
   CONSTANT SIZE    =     36    ----
   XDATA SIZE       =   ----    ----
   PDATA SIZE       =   ----    ----
   DATA SIZE        =      2    ----
   IDATA SIZE       =   ----    ----
   BIT SIZE         =   ----    ----
END OF MODULE INFORMATION.

C51 COMPILER V9.56.0.0   MATRIDKEY                                                         03/13/2024 23:41:46 PAGE 4   


C51 COMPILATION COMPLETE.  0 WARNING(S),  0 ERROR(S)
